MM_GetPtr
	baseptr=4628:E6D8	useptr=4628:E6D8
	*baseptr=4628:0000	*useptr=4628:0000
	&baseptr=4628:FFB0	&useptr=3B4B:002A
MM_GetPtr
	baseptr=4628:FFA4	useptr=4628:FFA4
	*baseptr=4628:3DB8	*useptr=4628:3DB8
	&baseptr=4628:FF98	&useptr=3B4B:0036
VL_MungePic====================================
4EB9:FFA4	&(memptr)temp
4EB9:FFA4	(memptr)temp
460A:4628	&temp
4EB9:000C	temp
===============================================
MM_GetPtr
	baseptr=0002:E76A	useptr=0002:E76A
	*baseptr=0002:0000	*useptr=0002:0000
	&baseptr=0002:FF96	&useptr=3B4B:0042
MM_GetPtr
	baseptr=0002:FFAA	useptr=0002:FFAA
	*baseptr=0002:0001	*useptr=0002:0001
	&baseptr=0002:FF96	&useptr=3B4B:004E
MM_GetPtr
	baseptr=0002:FFAA	useptr=0002:FFAA
	*baseptr=0002:0000	*useptr=0002:0000
	&baseptr=0002:FF96	&useptr=3B4B:004E
MM_GetPtr
	baseptr=E870:E870	useptr=E870:E870
	*baseptr=E870:0000	*useptr=E870:0000
	&baseptr=E870:FFA6	&useptr=3B4B:004E
MM_GetPtr
	baseptr=E872:E872	useptr=E872:E872
	*baseptr=E872:0000	*useptr=E872:0000
	&baseptr=E872:FFA6	&useptr=3B4B:005A
MM_GetPtr
	baseptr=E874:E874	useptr=E874:E874
	*baseptr=E874:0000	*useptr=E874:0000
	&baseptr=E874:FFA6	&useptr=3B4B:0066
MM_GetPtr
	baseptr=E876:E876	useptr=E876:E876
	*baseptr=E876:0000	*useptr=E876:0000
	&baseptr=E876:FFA6	&useptr=3B4B:0072
MM_GetPtr
	baseptr=E878:E878	useptr=E878:E878
	*baseptr=E878:0000	*useptr=E878:0000
	&baseptr=E878:FFA6	&useptr=3B4B:007E
MM_GetPtr
	baseptr=E87A:E87A	useptr=E87A:E87A
	*baseptr=E87A:0000	*useptr=E87A:0000
	&baseptr=E87A:FFA6	&useptr=3B4B:008A
MM_GetPtr
	baseptr=E87C:E87C	useptr=E87C:E87C
	*baseptr=E87C:0000	*useptr=E87C:0000
	&baseptr=E87C:FFA6	&useptr=3B4B:0096
MM_GetPtr
	baseptr=E87E:E87E	useptr=E87E:E87E
	*baseptr=E87E:0000	*useptr=E87E:0000
	&baseptr=E87E:FFA6	&useptr=3B4B:00A2
MM_GetPtr
	baseptr=E880:E880	useptr=E880:E880
	*baseptr=E880:0000	*useptr=E880:0000
	&baseptr=E880:FFA6	&useptr=3B4B:00AE
MM_GetPtr
	baseptr=E882:E882	useptr=E882:E882
	*baseptr=E882:0000	*useptr=E882:0000
	&baseptr=E882:FFA6	&useptr=3B4B:00BA
MM_GetPtr
	baseptr=E884:E884	useptr=E884:E884
	*baseptr=E884:0000	*useptr=E884:0000
	&baseptr=E884:FFA6	&useptr=3B4B:00C6
MM_GetPtr
	baseptr=E886:E886	useptr=E886:E886
	*baseptr=E886:0000	*useptr=E886:0000
	&baseptr=E886:FFA6	&useptr=3B4B:00D2
MM_GetPtr
	baseptr=E888:E888	useptr=E888:E888
	*baseptr=E888:0000	*useptr=E888:0000
	&baseptr=E888:FFA6	&useptr=3B4B:00DE
MM_GetPtr
	baseptr=E88A:E88A	useptr=E88A:E88A
	*baseptr=E88A:0000	*useptr=E88A:0000
	&baseptr=E88A:FFA6	&useptr=3B4B:00EA
MM_GetPtr
	baseptr=E88C:E88C	useptr=E88C:E88C
	*baseptr=E88C:0000	*useptr=E88C:0000
	&baseptr=E88C:FFA6	&useptr=3B4B:00F6
MM_GetPtr
	baseptr=E88E:E88E	useptr=E88E:E88E
	*baseptr=E88E:0000	*useptr=E88E:0000
	&baseptr=E88E:FFA6	&useptr=3B4B:0102
MM_GetPtr
	baseptr=E890:E890	useptr=E890:E890
	*baseptr=E890:0000	*useptr=E890:0000
	&baseptr=E890:FFA6	&useptr=3B4B:010E
MM_GetPtr
	baseptr=E892:E892	useptr=E892:E892
	*baseptr=E892:0000	*useptr=E892:0000
	&baseptr=E892:FFA6	&useptr=3B4B:011A
MM_GetPtr
	baseptr=E894:E894	useptr=E894:E894
	*baseptr=E894:0000	*useptr=E894:0000
	&baseptr=E894:FFA6	&useptr=3B4B:0126
MM_GetPtr
	baseptr=E896:E896	useptr=E896:E896
	*baseptr=E896:0000	*useptr=E896:0000
	&baseptr=E896:FFA6	&useptr=3B4B:0132
MM_GetPtr
	baseptr=E898:E898	useptr=E898:E898
	*baseptr=E898:0000	*useptr=E898:0000
	&baseptr=E898:FFA6	&useptr=3B4B:013E
MM_GetPtr
	baseptr=E89A:E89A	useptr=E89A:E89A
	*baseptr=E89A:0000	*useptr=E89A:0000
	&baseptr=E89A:FFA6	&useptr=3B4B:014A
MM_GetPtr
	baseptr=E89C:E89C	useptr=E89C:E89C
	*baseptr=E89C:0000	*useptr=E89C:0000
	&baseptr=E89C:FFA6	&useptr=3B4B:0156
MM_GetPtr
	baseptr=E89E:E89E	useptr=E89E:E89E
	*baseptr=E89E:0000	*useptr=E89E:0000
	&baseptr=E89E:FFA6	&useptr=3B4B:0162
MM_GetPtr
	baseptr=E8A0:E8A0	useptr=E8A0:E8A0
	*baseptr=E8A0:0000	*useptr=E8A0:0000
	&baseptr=E8A0:FFA6	&useptr=3B4B:016E
MM_GetPtr
	baseptr=E8A2:E8A2	useptr=E8A2:E8A2
	*baseptr=E8A2:0000	*useptr=E8A2:0000
	&baseptr=E8A2:FFA6	&useptr=3B4B:017A
MM_GetPtr
	baseptr=E8A4:E8A4	useptr=E8A4:E8A4
	*baseptr=E8A4:0000	*useptr=E8A4:0000
	&baseptr=E8A4:FFA6	&useptr=3B4B:0186
MM_GetPtr
	baseptr=E8A6:E8A6	useptr=E8A6:E8A6
	*baseptr=E8A6:0000	*useptr=E8A6:0000
	&baseptr=E8A6:FFA6	&useptr=3B4B:0192
MM_GetPtr
	baseptr=E8A8:E8A8	useptr=E8A8:E8A8
	*baseptr=E8A8:0000	*useptr=E8A8:0000
	&baseptr=E8A8:FFA6	&useptr=3B4B:019E
MM_GetPtr
	baseptr=E8AA:E8AA	useptr=E8AA:E8AA
	*baseptr=E8AA:0000	*useptr=E8AA:0000
	&baseptr=E8AA:FFA6	&useptr=3B4B:01AA
MM_GetPtr
	baseptr=E8AC:E8AC	useptr=E8AC:E8AC
	*baseptr=E8AC:0000	*useptr=E8AC:0000
	&baseptr=E8AC:FFA6	&useptr=3B4B:01B6
MM_GetPtr
	baseptr=E8AE:E8AE	useptr=E8AE:E8AE
	*baseptr=E8AE:0000	*useptr=E8AE:0000
	&baseptr=E8AE:FFA6	&useptr=3B4B:01C2
MM_GetPtr
	baseptr=E8B0:E8B0	useptr=E8B0:E8B0
	*baseptr=E8B0:0000	*useptr=E8B0:0000
	&baseptr=E8B0:FFA6	&useptr=3B4B:01CE
MM_GetPtr
	baseptr=E8B2:E8B2	useptr=E8B2:E8B2
	*baseptr=E8B2:0000	*useptr=E8B2:0000
	&baseptr=E8B2:FFA6	&useptr=3B4B:01DA
MM_GetPtr
	baseptr=E8B4:E8B4	useptr=E8B4:E8B4
	*baseptr=E8B4:0000	*useptr=E8B4:0000
	&baseptr=E8B4:FFA6	&useptr=3B4B:01E6
MM_GetPtr
	baseptr=E8B6:E8B6	useptr=E8B6:E8B6
	*baseptr=E8B6:0000	*useptr=E8B6:0000
	&baseptr=E8B6:FFA6	&useptr=3B4B:01F2
MM_GetPtr
	baseptr=E8B8:E8B8	useptr=E8B8:E8B8
	*baseptr=E8B8:0000	*useptr=E8B8:0000
	&baseptr=E8B8:FFA6	&useptr=3B4B:01FE
MM_GetPtr
	baseptr=E8BA:E8BA	useptr=E8BA:E8BA
	*baseptr=E8BA:0000	*useptr=E8BA:0000
	&baseptr=E8BA:FFA6	&useptr=3B4B:020A
MM_GetPtr
	baseptr=E8BC:E8BC	useptr=E8BC:E8BC
	*baseptr=E8BC:0000	*useptr=E8BC:0000
	&baseptr=E8BC:FFA6	&useptr=3B4B:0216
MM_GetPtr
	baseptr=E8BE:E8BE	useptr=E8BE:E8BE
	*baseptr=E8BE:0000	*useptr=E8BE:0000
	&baseptr=E8BE:FFA6	&useptr=3B4B:0222
MM_GetPtr
	baseptr=E8C0:E8C0	useptr=E8C0:E8C0
	*baseptr=E8C0:0000	*useptr=E8C0:0000
	&baseptr=E8C0:FFA6	&useptr=3B4B:022E
MM_GetPtr
	baseptr=E8C2:E8C2	useptr=E8C2:E8C2
	*baseptr=E8C2:0000	*useptr=E8C2:0000
	&baseptr=E8C2:FFA6	&useptr=3B4B:023A
MM_GetPtr
	baseptr=E8C4:E8C4	useptr=E8C4:E8C4
	*baseptr=E8C4:0000	*useptr=E8C4:0000
	&baseptr=E8C4:FFA6	&useptr=3B4B:0246
MM_GetPtr
	baseptr=E8C6:E8C6	useptr=E8C6:E8C6
	*baseptr=E8C6:0000	*useptr=E8C6:0000
	&baseptr=E8C6:FFA6	&useptr=3B4B:0252
MM_GetPtr
	baseptr=E8C8:E8C8	useptr=E8C8:E8C8
	*baseptr=E8C8:0000	*useptr=E8C8:0000
	&baseptr=E8C8:FFA6	&useptr=3B4B:025E
MM_GetPtr
	baseptr=E8CA:E8CA	useptr=E8CA:E8CA
	*baseptr=E8CA:0000	*useptr=E8CA:0000
	&baseptr=E8CA:FFA6	&useptr=3B4B:026A
MM_GetPtr
	baseptr=E8CC:E8CC	useptr=E8CC:E8CC
	*baseptr=E8CC:0000	*useptr=E8CC:0000
	&baseptr=E8CC:FFA6	&useptr=3B4B:0276
MM_GetPtr
	baseptr=E8CE:E8CE	useptr=E8CE:E8CE
	*baseptr=E8CE:0000	*useptr=E8CE:0000
	&baseptr=E8CE:FFA6	&useptr=3B4B:0282
MM_GetPtr
	baseptr=E8D0:E8D0	useptr=E8D0:E8D0
	*baseptr=E8D0:0000	*useptr=E8D0:0000
	&baseptr=E8D0:FFA6	&useptr=3B4B:028E
MM_GetPtr
	baseptr=E8D2:E8D2	useptr=E8D2:E8D2
	*baseptr=E8D2:0000	*useptr=E8D2:0000
	&baseptr=E8D2:FFA6	&useptr=3B4B:029A
MM_GetPtr
	baseptr=E8D4:E8D4	useptr=E8D4:E8D4
	*baseptr=E8D4:0000	*useptr=E8D4:0000
	&baseptr=E8D4:FFA6	&useptr=3B4B:02A6
MM_GetPtr
	baseptr=E8D6:E8D6	useptr=E8D6:E8D6
	*baseptr=E8D6:0000	*useptr=E8D6:0000
	&baseptr=E8D6:FFA6	&useptr=3B4B:02B2
MM_GetPtr
	baseptr=E8D8:E8D8	useptr=E8D8:E8D8
	*baseptr=E8D8:0000	*useptr=E8D8:0000
	&baseptr=E8D8:FFA6	&useptr=3B4B:02BE
MM_GetPtr
	baseptr=E8DA:E8DA	useptr=E8DA:E8DA
	*baseptr=E8DA:0000	*useptr=E8DA:0000
	&baseptr=E8DA:FFA6	&useptr=3B4B:02CA
MM_GetPtr
	baseptr=E8DC:E8DC	useptr=E8DC:E8DC
	*baseptr=E8DC:0000	*useptr=E8DC:0000
	&baseptr=E8DC:FFA6	&useptr=3B4B:02D6
MM_GetPtr
	baseptr=E8DE:E8DE	useptr=E8DE:E8DE
	*baseptr=E8DE:0000	*useptr=E8DE:0000
	&baseptr=E8DE:FFA6	&useptr=3B4B:02E2
MM_GetPtr
	baseptr=E8E0:E8E0	useptr=E8E0:E8E0
	*baseptr=E8E0:0000	*useptr=E8E0:0000
	&baseptr=E8E0:FFA6	&useptr=3B4B:02EE
MM_GetPtr
	baseptr=E8E2:E8E2	useptr=E8E2:E8E2
	*baseptr=E8E2:0000	*useptr=E8E2:0000
	&baseptr=E8E2:FFA6	&useptr=3B4B:02FA
MM_GetPtr
	baseptr=E8E4:E8E4	useptr=E8E4:E8E4
	*baseptr=E8E4:0000	*useptr=E8E4:0000
	&baseptr=E8E4:FFA6	&useptr=3B4B:0306
MM_GetPtr
	baseptr=E8E6:E8E6	useptr=E8E6:E8E6
	*baseptr=E8E6:0000	*useptr=E8E6:0000
	&baseptr=E8E6:FFA6	&useptr=3B4B:0312
MM_GetPtr
	baseptr=E8E8:E8E8	useptr=E8E8:E8E8
	*baseptr=E8E8:0000	*useptr=E8E8:0000
	&baseptr=E8E8:FFA6	&useptr=3B4B:031E
MM_GetPtr
	baseptr=E8EA:E8EA	useptr=E8EA:E8EA
	*baseptr=E8EA:0000	*useptr=E8EA:0000
	&baseptr=E8EA:FFA6	&useptr=3B4B:032A
MM_GetPtr
	baseptr=E8EC:E8EC	useptr=E8EC:E8EC
	*baseptr=E8EC:0000	*useptr=E8EC:0000
	&baseptr=E8EC:FFA6	&useptr=3B4B:0336
MM_GetPtr
	baseptr=E8EE:E8EE	useptr=E8EE:E8EE
	*baseptr=E8EE:0000	*useptr=E8EE:0000
	&baseptr=E8EE:FFA6	&useptr=3B4B:0342
MM_GetPtr
	baseptr=E8F0:E8F0	useptr=E8F0:E8F0
	*baseptr=E8F0:0000	*useptr=E8F0:0000
	&baseptr=E8F0:FFA6	&useptr=3B4B:034E
MM_GetPtr
	baseptr=E8F2:E8F2	useptr=E8F2:E8F2
	*baseptr=E8F2:0000	*useptr=E8F2:0000
	&baseptr=E8F2:FFA6	&useptr=3B4B:035A
MM_GetPtr
	baseptr=E8F4:E8F4	useptr=E8F4:E8F4
	*baseptr=E8F4:0000	*useptr=E8F4:0000
	&baseptr=E8F4:FFA6	&useptr=3B4B:0366
MM_GetPtr
	baseptr=E8F6:E8F6	useptr=E8F6:E8F6
	*baseptr=E8F6:0000	*useptr=E8F6:0000
	&baseptr=E8F6:FFA6	&useptr=3B4B:0372
MM_GetPtr
	baseptr=E8F8:E8F8	useptr=E8F8:E8F8
	*baseptr=E8F8:0000	*useptr=E8F8:0000
	&baseptr=E8F8:FFA6	&useptr=3B4B:037E
MM_GetPtr
	baseptr=E8FA:E8FA	useptr=E8FA:E8FA
	*baseptr=E8FA:0000	*useptr=E8FA:0000
	&baseptr=E8FA:FFA6	&useptr=3B4B:038A
MM_GetPtr
	baseptr=E8FC:E8FC	useptr=E8FC:E8FC
	*baseptr=E8FC:0000	*useptr=E8FC:0000
	&baseptr=E8FC:FFA6	&useptr=3B4B:0396
MM_GetPtr
	baseptr=E8FE:E8FE	useptr=E8FE:E8FE
	*baseptr=E8FE:0000	*useptr=E8FE:0000
	&baseptr=E8FE:FFA6	&useptr=3B4B:03A2
MM_GetPtr
	baseptr=E900:E900	useptr=E900:E900
	*baseptr=E900:0000	*useptr=E900:0000
	&baseptr=E900:FFA6	&useptr=3B4B:03AE
MM_GetPtr
	baseptr=E902:E902	useptr=E902:E902
	*baseptr=E902:0000	*useptr=E902:0000
	&baseptr=E902:FFA6	&useptr=3B4B:03BA
MM_GetPtr
	baseptr=E904:E904	useptr=E904:E904
	*baseptr=E904:0000	*useptr=E904:0000
	&baseptr=E904:FFA6	&useptr=3B4B:03C6
MM_GetPtr
	baseptr=E906:E906	useptr=E906:E906
	*baseptr=E906:0000	*useptr=E906:0000
	&baseptr=E906:FFA6	&useptr=3B4B:03D2
MM_GetPtr
	baseptr=E908:E908	useptr=E908:E908
	*baseptr=E908:0000	*useptr=E908:0000
	&baseptr=E908:FFA6	&useptr=3B4B:03DE
MM_GetPtr
	baseptr=E90A:E90A	useptr=E90A:E90A
	*baseptr=E90A:0000	*useptr=E90A:0000
	&baseptr=E90A:FFA6	&useptr=3B4B:03EA
MM_GetPtr
	baseptr=E90C:E90C	useptr=E90C:E90C
	*baseptr=E90C:0000	*useptr=E90C:0000
	&baseptr=E90C:FFA6	&useptr=3B4B:03F6
MM_GetPtr
	baseptr=E90E:E90E	useptr=E90E:E90E
	*baseptr=E90E:0000	*useptr=E90E:0000
	&baseptr=E90E:FFA6	&useptr=3B4B:0402
MM_GetPtr
	baseptr=E910:E910	useptr=E910:E910
	*baseptr=E910:0000	*useptr=E910:0000
	&baseptr=E910:FFA6	&useptr=3B4B:040E
MM_GetPtr
	baseptr=E912:E912	useptr=E912:E912
	*baseptr=E912:0000	*useptr=E912:0000
	&baseptr=E912:FFA6	&useptr=3B4B:041A
MM_GetPtr
	baseptr=E914:E914	useptr=E914:E914
	*baseptr=E914:0000	*useptr=E914:0000
	&baseptr=E914:FFA6	&useptr=3B4B:0426
MM_GetPtr
	baseptr=E916:E916	useptr=E916:E916
	*baseptr=E916:0000	*useptr=E916:0000
	&baseptr=E916:FFA6	&useptr=3B4B:0432
MM_GetPtr
	baseptr=E918:E918	useptr=E918:E918
	*baseptr=E918:0000	*useptr=E918:0000
	&baseptr=E918:FFA6	&useptr=3B4B:043E
MM_GetPtr
	baseptr=E91A:E91A	useptr=E91A:E91A
	*baseptr=E91A:0000	*useptr=E91A:0000
	&baseptr=E91A:FFA6	&useptr=3B4B:044A
MM_GetPtr
	baseptr=E91C:E91C	useptr=E91C:E91C
	*baseptr=E91C:0000	*useptr=E91C:0000
	&baseptr=E91C:FFA6	&useptr=3B4B:0456
MM_GetPtr
	baseptr=E91E:E91E	useptr=E91E:E91E
	*baseptr=E91E:0000	*useptr=E91E:0000
	&baseptr=E91E:FFA6	&useptr=3B4B:0462
MM_GetPtr
	baseptr=E920:E920	useptr=E920:E920
	*baseptr=E920:0000	*useptr=E920:0000
	&baseptr=E920:FFA6	&useptr=3B4B:046E
MM_GetPtr
	baseptr=E922:E922	useptr=E922:E922
	*baseptr=E922:0000	*useptr=E922:0000
	&baseptr=E922:FFA6	&useptr=3B4B:047A
MM_GetPtr
	baseptr=E924:E924	useptr=E924:E924
	*baseptr=E924:0000	*useptr=E924:0000
	&baseptr=E924:FFA6	&useptr=3B4B:0486
MM_GetPtr
	baseptr=E926:E926	useptr=E926:E926
	*baseptr=E926:0000	*useptr=E926:0000
	&baseptr=E926:FFA6	&useptr=3B4B:0492
MM_GetPtr
	baseptr=E928:E928	useptr=E928:E928
	*baseptr=E928:0000	*useptr=E928:0000
	&baseptr=E928:FFA6	&useptr=3B4B:049E
MM_GetPtr
	baseptr=E92A:E92A	useptr=E92A:E92A
	*baseptr=E92A:0000	*useptr=E92A:0000
	&baseptr=E92A:FFA6	&useptr=3B4B:04AA
	SDL_SetDS():	OK
MM_GetPtr
	baseptr=EB6A:FFAE	useptr=EB6A:FFAE
	*baseptr=EB6A:72C0	*useptr=EB6A:72C0
	&baseptr=EB6A:FFA0	&useptr=3B4B:04B6
MM_GetPtr
	baseptr=0000:E870	useptr=0000:E870
	*baseptr=0000:0000	*useptr=0000:0000
	&baseptr=0000:FF8E	&useptr=3B4B:004E
MM_GetPtr
	baseptr=0296:D6FC	useptr=0296:D6FC
	*baseptr=0296:0000	*useptr=0296:0000
	&baseptr=0296:FFA0	&useptr=3B4B:04C2
MM_GetPtr
	baseptr=FFAE:E6D6	useptr=FFAE:E6D6
	*baseptr=FFAE:0000	*useptr=FFAE:0000
	&baseptr=FFAE:FF98	&useptr=3B4B:04B6
MM_GetPtr
	baseptr=0000:A24C	useptr=0000:A24C
	*baseptr=0000:0000	*useptr=0000:0000
	&baseptr=0000:FF98	&useptr=3B4B:04CE
MM_GetPtr
	baseptr=0001:A24E	useptr=0001:A24E
	*baseptr=0001:0000	*useptr=0001:0000
	&baseptr=0001:FF98	&useptr=3B4B:04DA
MM_GetPtr
	baseptr=0002:A250	useptr=0002:A250
	*baseptr=0002:0000	*useptr=0002:0000
	&baseptr=0002:FF98	&useptr=3B4B:04E6
MM_GetPtr
	baseptr=0003:A252	useptr=0003:A252
	*baseptr=0003:0000	*useptr=0003:0000
	&baseptr=0003:FF98	&useptr=3B4B:04F2
MM_GetPtr
	baseptr=0004:A254	useptr=0004:A254
	*baseptr=0004:0000	*useptr=0004:0000
	&baseptr=0004:FF98	&useptr=3B4B:04FE
MM_GetPtr
	baseptr=0005:A256	useptr=0005:A256
	*baseptr=0005:0000	*useptr=0005:0000
	&baseptr=0005:FF98	&useptr=3B4B:050A
MM_GetPtr
	baseptr=0006:A258	useptr=0006:A258
	*baseptr=0006:0000	*useptr=0006:0000
	&baseptr=0006:FF98	&useptr=3B4B:0516
MM_GetPtr
	baseptr=0007:A25A	useptr=0007:A25A
	*baseptr=0007:0000	*useptr=0007:0000
	&baseptr=0007:FF98	&useptr=3B4B:0522
MM_GetPtr
	baseptr=0008:A25C	useptr=0008:A25C
	*baseptr=0008:0000	*useptr=0008:0000
	&baseptr=0008:FF98	&useptr=3B4B:052E
MM_GetPtr
	baseptr=0009:A25E	useptr=0009:A25E
	*baseptr=0009:0000	*useptr=0009:0000
	&baseptr=0009:FF98	&useptr=3B4B:053A
MM_GetPtr
	baseptr=000A:A260	useptr=000A:A260
	*baseptr=000A:0000	*useptr=000A:0000
	&baseptr=000A:FF98	&useptr=3B4B:0546
MM_GetPtr
	baseptr=000B:A262	useptr=000B:A262
	*baseptr=000B:0000	*useptr=000B:0000
	&baseptr=000B:FF98	&useptr=3B4B:0552
MM_GetPtr
	baseptr=000C:A264	useptr=000C:A264
	*baseptr=000C:0000	*useptr=000C:0000
	&baseptr=000C:FF98	&useptr=3B4B:055E
MM_GetPtr
	baseptr=000D:A266	useptr=000D:A266
	*baseptr=000D:0000	*useptr=000D:0000
	&baseptr=000D:FF98	&useptr=3B4B:056A
MM_GetPtr
	baseptr=000E:A268	useptr=000E:A268
	*baseptr=000E:0000	*useptr=000E:0000
	&baseptr=000E:FF98	&useptr=3B4B:0576
MM_GetPtr
	baseptr=000F:A26A	useptr=000F:A26A
	*baseptr=000F:0000	*useptr=000F:0000
	&baseptr=000F:FF98	&useptr=3B4B:0582
MM_GetPtr
	baseptr=0010:A26C	useptr=0010:A26C
	*baseptr=0010:0000	*useptr=0010:0000
	&baseptr=0010:FF98	&useptr=3B4B:058E
MM_GetPtr
	baseptr=0011:A26E	useptr=0011:A26E
	*baseptr=0011:0000	*useptr=0011:0000
	&baseptr=0011:FF98	&useptr=3B4B:059A
MM_GetPtr
	baseptr=0012:A270	useptr=0012:A270
	*baseptr=0012:0000	*useptr=0012:0000
	&baseptr=0012:FF98	&useptr=3B4B:05A6
MM_GetPtr
	baseptr=0013:A272	useptr=0013:A272
	*baseptr=0013:0000	*useptr=0013:0000
	&baseptr=0013:FF98	&useptr=3B4B:05B2
MM_GetPtr
	baseptr=0014:A274	useptr=0014:A274
	*baseptr=0014:0000	*useptr=0014:0000
	&baseptr=0014:FF98	&useptr=3B4B:05BE
MM_GetPtr
	baseptr=0015:A276	useptr=0015:A276
	*baseptr=0015:0000	*useptr=0015:0000
	&baseptr=0015:FF98	&useptr=3B4B:05CA
MM_GetPtr
	baseptr=0016:A278	useptr=0016:A278
	*baseptr=0016:0000	*useptr=0016:0000
	&baseptr=0016:FF98	&useptr=3B4B:05D6
MM_GetPtr
	baseptr=0017:A27A	useptr=0017:A27A
	*baseptr=0017:0000	*useptr=0017:0000
	&baseptr=0017:FF98	&useptr=3B4B:05E2
MM_GetPtr
	baseptr=0018:A27C	useptr=0018:A27C
	*baseptr=0018:0000	*useptr=0018:0000
	&baseptr=0018:FF98	&useptr=3B4B:05EE
MM_GetPtr
	baseptr=0019:A27E	useptr=0019:A27E
	*baseptr=0019:0000	*useptr=0019:0000
	&baseptr=0019:FF98	&useptr=3B4B:05FA
MM_GetPtr
	baseptr=001A:A280	useptr=001A:A280
	*baseptr=001A:0000	*useptr=001A:0000
	&baseptr=001A:FF98	&useptr=3B4B:0606
MM_GetPtr
	baseptr=001B:A282	useptr=001B:A282
	*baseptr=001B:0000	*useptr=001B:0000
	&baseptr=001B:FF98	&useptr=3B4B:0612
MM_GetPtr
	baseptr=001C:A284	useptr=001C:A284
	*baseptr=001C:0000	*useptr=001C:0000
	&baseptr=001C:FF98	&useptr=3B4B:061E
MM_GetPtr
	baseptr=001D:A286	useptr=001D:A286
	*baseptr=001D:0000	*useptr=001D:0000
	&baseptr=001D:FF98	&useptr=3B4B:062A
MM_GetPtr
	baseptr=001E:A288	useptr=001E:A288
	*baseptr=001E:0000	*useptr=001E:0000
	&baseptr=001E:FF98	&useptr=3B4B:0636
MM_GetPtr
	baseptr=001F:A28A	useptr=001F:A28A
	*baseptr=001F:0000	*useptr=001F:0000
	&baseptr=001F:FF98	&useptr=3B4B:0642
MM_GetPtr
	baseptr=0020:A28C	useptr=0020:A28C
	*baseptr=0020:0000	*useptr=0020:0000
	&baseptr=0020:FF98	&useptr=3B4B:064E
MM_GetPtr
	baseptr=0021:A28E	useptr=0021:A28E
	*baseptr=0021:0000	*useptr=0021:0000
	&baseptr=0021:FF98	&useptr=3B4B:065A
MM_GetPtr
	baseptr=0022:A290	useptr=0022:A290
	*baseptr=0022:0000	*useptr=0022:0000
	&baseptr=0022:FF98	&useptr=3B4B:0666
MM_GetPtr
	baseptr=0023:A292	useptr=0023:A292
	*baseptr=0023:0000	*useptr=0023:0000
	&baseptr=0023:FF98	&useptr=3B4B:0672
MM_GetPtr
	baseptr=0024:A294	useptr=0024:A294
	*baseptr=0024:0000	*useptr=0024:0000
	&baseptr=0024:FF98	&useptr=3B4B:067E
MM_GetPtr
	baseptr=0025:A296	useptr=0025:A296
	*baseptr=0025:0000	*useptr=0025:0000
	&baseptr=0025:FF98	&useptr=3B4B:068A
MM_GetPtr
	baseptr=0026:A298	useptr=0026:A298
	*baseptr=0026:0000	*useptr=0026:0000
	&baseptr=0026:FF98	&useptr=3B4B:0696
MM_GetPtr
	baseptr=0027:A29A	useptr=0027:A29A
	*baseptr=0027:0000	*useptr=0027:0000
	&baseptr=0027:FF98	&useptr=3B4B:06A2
MM_GetPtr
	baseptr=0028:A29C	useptr=0028:A29C
	*baseptr=0028:0000	*useptr=0028:0000
	&baseptr=0028:FF98	&useptr=3B4B:06AE
MM_GetPtr
	baseptr=0029:A29E	useptr=0029:A29E
	*baseptr=0029:0000	*useptr=0029:0000
	&baseptr=0029:FF98	&useptr=3B4B:06BA
MM_GetPtr
	baseptr=002A:A2A0	useptr=002A:A2A0
	*baseptr=002A:0000	*useptr=002A:0000
	&baseptr=002A:FF98	&useptr=3B4B:06C6
MM_GetPtr
	baseptr=002B:A2A2	useptr=002B:A2A2
	*baseptr=002B:0000	*useptr=002B:0000
	&baseptr=002B:FF98	&useptr=3B4B:06D2
MM_GetPtr
	baseptr=002C:A2A4	useptr=002C:A2A4
	*baseptr=002C:0000	*useptr=002C:0000
	&baseptr=002C:FF98	&useptr=3B4B:06DE
MM_GetPtr
	baseptr=002D:A2A6	useptr=002D:A2A6
	*baseptr=002D:0000	*useptr=002D:0000
	&baseptr=002D:FF98	&useptr=3B4B:06EA
MM_GetPtr
	baseptr=002E:A2A8	useptr=002E:A2A8
	*baseptr=002E:0000	*useptr=002E:0000
	&baseptr=002E:FF98	&useptr=3B4B:06F6
MM_GetPtr
	baseptr=002F:A2AA	useptr=002F:A2AA
	*baseptr=002F:0000	*useptr=002F:0000
	&baseptr=002F:FF98	&useptr=3B4B:0702
MM_GetPtr
	baseptr=0030:A2AC	useptr=0030:A2AC
	*baseptr=0030:0000	*useptr=0030:0000
	&baseptr=0030:FF98	&useptr=3B4B:070E
MM_GetPtr
	baseptr=0031:A2AE	useptr=0031:A2AE
	*baseptr=0031:0000	*useptr=0031:0000
	&baseptr=0031:FF98	&useptr=3B4B:071A
MM_GetPtr
	baseptr=0032:A2B0	useptr=0032:A2B0
	*baseptr=0032:0000	*useptr=0032:0000
	&baseptr=0032:FF98	&useptr=3B4B:0726
MM_GetPtr
	baseptr=0033:A2B2	useptr=0033:A2B2
	*baseptr=0033:0000	*useptr=0033:0000
	&baseptr=0033:FF98	&useptr=3B4B:0732
MM_GetPtr
	baseptr=0034:A2B4	useptr=0034:A2B4
	*baseptr=0034:0000	*useptr=0034:0000
	&baseptr=0034:FF98	&useptr=3B4B:073E
MM_GetPtr
	baseptr=0035:A2B6	useptr=0035:A2B6
	*baseptr=0035:0000	*useptr=0035:0000
	&baseptr=0035:FF98	&useptr=3B4B:074A
MM_GetPtr
	baseptr=0036:A2B8	useptr=0036:A2B8
	*baseptr=0036:0000	*useptr=0036:0000
	&baseptr=0036:FF98	&useptr=3B4B:0756
MM_GetPtr
	baseptr=0037:A2BA	useptr=0037:A2BA
	*baseptr=0037:0000	*useptr=0037:0000
	&baseptr=0037:FF98	&useptr=3B4B:0762
MM_GetPtr
	baseptr=0038:A2BC	useptr=0038:A2BC
	*baseptr=0038:0000	*useptr=0038:0000
	&baseptr=0038:FF98	&useptr=3B4B:076E
MM_GetPtr
	baseptr=0039:A2BE	useptr=0039:A2BE
	*baseptr=0039:0000	*useptr=0039:0000
	&baseptr=0039:FF98	&useptr=3B4B:077A
MM_GetPtr
	baseptr=003A:A2C0	useptr=003A:A2C0
	*baseptr=003A:0000	*useptr=003A:0000
	&baseptr=003A:FF98	&useptr=3B4B:0786
MM_GetPtr
	baseptr=003B:A2C2	useptr=003B:A2C2
	*baseptr=003B:0000	*useptr=003B:0000
	&baseptr=003B:FF98	&useptr=3B4B:0792
MM_GetPtr
	baseptr=0000:A2C4	useptr=0000:A2C4
	*baseptr=0000:0000	*useptr=0000:0000
	&baseptr=0000:FF98	&useptr=3B4B:079E
MM_GetPtr
	baseptr=0001:A2C6	useptr=0001:A2C6
	*baseptr=0001:0000	*useptr=0001:0000
	&baseptr=0001:FF98	&useptr=3B4B:0066
MM_GetPtr
	baseptr=FFB6:E6CF	useptr=FFB6:E6CF
	*baseptr=FFB6:0000	*useptr=FFB6:0000
	&baseptr=FFB6:FFA0	&useptr=3B4B:007E
MM_GetPtr
	baseptr=FFB7:9D97	useptr=FFB7:9D97
	*baseptr=FFB7:0000	*useptr=FFB7:0000
	&baseptr=FFB7:FFA0	&useptr=3B4B:0072
MM_GetPtr
	baseptr=FFB7:FFB8	useptr=FFB7:FFB8
	*baseptr=FFB7:0000	*useptr=FFB7:0000
	&baseptr=FFB7:FFA0	&useptr=3B4B:005A
MM_GetPtr
	baseptr=FFB5:E6CD	useptr=FFB5:E6CD
	*baseptr=FFB5:0000	*useptr=FFB5:0000
	&baseptr=FFB5:FF9E	&useptr=3B4B:005A
MM_GetPtr
	baseptr=0001:9C02	useptr=0001:9C02
	*baseptr=0001:0000	*useptr=0001:0000
	&baseptr=0001:FF94	&useptr=3B4B:008A
MM_GetPtr
	baseptr=0087:9D0E	useptr=0087:9D0E
	*baseptr=0087:0000	*useptr=0087:0000
	&baseptr=0087:FF7A	&useptr=3B4B:00A2
MM_GetPtr
	baseptr=005B:9CB6	useptr=005B:9CB6
	*baseptr=005B:0000	*useptr=005B:0000
	&baseptr=005B:FF7A	&useptr=3B4B:00A2
MM_GetPtr
	baseptr=005C:9CB8	useptr=005C:9CB8
	*baseptr=005C:0000	*useptr=005C:0000
	&baseptr=005C:FF7A	&useptr=3B4B:00A2
MM_GetPtr
	baseptr=005D:9CBA	useptr=005D:9CBA
	*baseptr=005D:0000	*useptr=005D:0000
	&baseptr=005D:FF7A	&useptr=3B4B:00A2
MM_GetPtr
	baseptr=005E:9CBC	useptr=005E:9CBC
	*baseptr=005E:0000	*useptr=005E:0000
	&baseptr=005E:FF7A	&useptr=3B4B:00A2
MM_GetPtr
	baseptr=005F:9CBE	useptr=005F:9CBE
	*baseptr=005F:0000	*useptr=005F:0000
	&baseptr=005F:FF7A	&useptr=3B4B:00A2
MM_GetPtr
	baseptr=0060:9CC0	useptr=0060:9CC0
	*baseptr=0060:0000	*useptr=0060:0000
	&baseptr=0060:FF7A	&useptr=3B4B:00A2
MM_GetPtr
	baseptr=0061:9CC2	useptr=0061:9CC2
	*baseptr=0061:0000	*useptr=0061:0000
	&baseptr=0061:FF7A	&useptr=3B4B:00A2
MM_GetPtr
	baseptr=0062:9CC4	useptr=0062:9CC4
	*baseptr=0062:0000	*useptr=0062:0000
	&baseptr=0062:FF7A	&useptr=3B4B:00A2
MM_GetPtr
	baseptr=0063:9CC6	useptr=0063:9CC6
	*baseptr=0063:0000	*useptr=0063:0000
	&baseptr=0063:FF7A	&useptr=3B4B:00A2
MM_GetPtr
	baseptr=0064:9CC8	useptr=0064:9CC8
	*baseptr=0064:0000	*useptr=0064:0000
	&baseptr=0064:FF7A	&useptr=3B4B:00A2
MM_GetPtr
	baseptr=0065:9CCA	useptr=0065:9CCA
	*baseptr=0065:0000	*useptr=0065:0000
	&baseptr=0065:FF7A	&useptr=3B4B:00A2
MM_GetPtr
	baseptr=0066:9CCC	useptr=0066:9CCC
	*baseptr=0066:0000	*useptr=0066:0000
	&baseptr=0066:FF7A	&useptr=3B4B:00A2
MM_GetPtr
	baseptr=0067:9CCE	useptr=0067:9CCE
	*baseptr=0067:0000	*useptr=0067:0000
	&baseptr=0067:FF7A	&useptr=3B4B:00A2
MM_GetPtr
	baseptr=0068:9CD0	useptr=0068:9CD0
	*baseptr=0068:0000	*useptr=0068:0000
	&baseptr=0068:FF7A	&useptr=3B4B:00A2
MM_GetPtr
	baseptr=0069:9CD2	useptr=0069:9CD2
	*baseptr=0069:0000	*useptr=0069:0000
	&baseptr=0069:FF7A	&useptr=3B4B:00A2
MM_GetPtr
	baseptr=006A:9CD4	useptr=006A:9CD4
	*baseptr=006A:0000	*useptr=006A:0000
	&baseptr=006A:FF7A	&useptr=3B4B:00A2
MM_GetPtr
	baseptr=006B:9CD6	useptr=006B:9CD6
	*baseptr=006B:0000	*useptr=006B:0000
	&baseptr=006B:FF7A	&useptr=3B4B:00A2
MM_GetPtr
	baseptr=006C:9CD8	useptr=006C:9CD8
	*baseptr=006C:0000	*useptr=006C:0000
	&baseptr=006C:FF7A	&useptr=3B4B:00A2
MM_GetPtr
	baseptr=006D:9CDA	useptr=006D:9CDA
	*baseptr=006D:0000	*useptr=006D:0000
	&baseptr=006D:FF7A	&useptr=3B4B:00A2
MM_GetPtr
	baseptr=006E:9CDC	useptr=006E:9CDC
	*baseptr=006E:0000	*useptr=006E:0000
	&baseptr=006E:FF7A	&useptr=3B4B:00A2
MM_GetPtr
	baseptr=006F:9CDE	useptr=006F:9CDE
	*baseptr=006F:0000	*useptr=006F:0000
	&baseptr=006F:FF7A	&useptr=3B4B:00A2
MM_GetPtr
	baseptr=0070:9CE0	useptr=0070:9CE0
	*baseptr=0070:0000	*useptr=0070:0000
	&baseptr=0070:FF7A	&useptr=3B4B:00A2
MM_GetPtr
	baseptr=0071:9CE2	useptr=0071:9CE2
	*baseptr=0071:0000	*useptr=0071:0000
	&baseptr=0071:FF7A	&useptr=3B4B:00A2
MM_GetPtr
	baseptr=0072:9CE4	useptr=0072:9CE4
	*baseptr=0072:0000	*useptr=0072:0000
	&baseptr=0072:FF7A	&useptr=3B4B:00A2
MM_GetPtr
	baseptr=0073:9CE6	useptr=0073:9CE6
	*baseptr=0073:0000	*useptr=0073:0000
	&baseptr=0073:FF7A	&useptr=3B4B:00A2
MM_GetPtr
	baseptr=0074:9CE8	useptr=0074:9CE8
	*baseptr=0074:0000	*useptr=0074:0000
	&baseptr=0074:FF7A	&useptr=3B4B:00A2
MM_GetPtr
	baseptr=0075:9CEA	useptr=0075:9CEA
	*baseptr=0075:0000	*useptr=0075:0000
	&baseptr=0075:FF7A	&useptr=3B4B:00A2
MM_GetPtr
	baseptr=0076:9CEC	useptr=0076:9CEC
	*baseptr=0076:0000	*useptr=0076:0000
	&baseptr=0076:FF7A	&useptr=3B4B:00A2
MM_GetPtr
	baseptr=0077:9CEE	useptr=0077:9CEE
	*baseptr=0077:0000	*useptr=0077:0000
	&baseptr=0077:FF7A	&useptr=3B4B:00A2
MM_GetPtr
	baseptr=0078:9CF0	useptr=0078:9CF0
	*baseptr=0078:0000	*useptr=0078:0000
	&baseptr=0078:FF7A	&useptr=3B4B:00A2
MM_GetPtr
	baseptr=0079:9CF2	useptr=0079:9CF2
	*baseptr=0079:0000	*useptr=0079:0000
	&baseptr=0079:FF7A	&useptr=3B4B:00A2
MM_GetPtr
	baseptr=007A:9CF4	useptr=007A:9CF4
	*baseptr=007A:0000	*useptr=007A:0000
	&baseptr=007A:FF7A	&useptr=3B4B:00A2
MM_GetPtr
	baseptr=007B:9CF6	useptr=007B:9CF6
	*baseptr=007B:0000	*useptr=007B:0000
	&baseptr=007B:FF7A	&useptr=3B4B:00A2
MM_GetPtr
	baseptr=007C:9CF8	useptr=007C:9CF8
	*baseptr=007C:0000	*useptr=007C:0000
	&baseptr=007C:FF7A	&useptr=3B4B:00A2
MM_GetPtr
	baseptr=007D:9CFA	useptr=007D:9CFA
	*baseptr=007D:0000	*useptr=007D:0000
	&baseptr=007D:FF7A	&useptr=3B4B:00A2
MM_GetPtr
	baseptr=007E:9CFC	useptr=007E:9CFC
	*baseptr=007E:0000	*useptr=007E:0000
	&baseptr=007E:FF7A	&useptr=3B4B:00A2
MM_GetPtr
	baseptr=007F:9CFE	useptr=007F:9CFE
	*baseptr=007F:0000	*useptr=007F:0000
	&baseptr=007F:FF7A	&useptr=3B4B:00A2
MM_GetPtr
	baseptr=0080:9D00	useptr=0080:9D00
	*baseptr=0080:0000	*useptr=0080:0000
	&baseptr=0080:FF7A	&useptr=3B4B:00A2
MM_GetPtr
	baseptr=0081:9D02	useptr=0081:9D02
	*baseptr=0081:0000	*useptr=0081:0000
	&baseptr=0081:FF7A	&useptr=3B4B:00A2
MM_GetPtr
	baseptr=0082:9D04	useptr=0082:9D04
	*baseptr=0082:0000	*useptr=0082:0000
	&baseptr=0082:FF7A	&useptr=3B4B:00A2
MM_GetPtr
	baseptr=0083:9D06	useptr=0083:9D06
	*baseptr=0083:0000	*useptr=0083:0000
	&baseptr=0083:FF7A	&useptr=3B4B:00A2
MM_GetPtr
	baseptr=0084:9D08	useptr=0084:9D08
	*baseptr=0084:0000	*useptr=0084:0000
	&baseptr=0084:FF7A	&useptr=3B4B:00A2
MM_GetPtr
	baseptr=0085:9D0A	useptr=0085:9D0A
	*baseptr=0085:0000	*useptr=0085:0000
	&baseptr=0085:FF7A	&useptr=3B4B:00A2
MM_GetPtr
	baseptr=0086:FF9A	useptr=0086:FF9A
	*baseptr=0086:0200	*useptr=0086:0200
	&baseptr=0086:FF8C	&useptr=3B4B:00A2
MM_GetPtr
	baseptr=0086:9D0C	useptr=0086:9D0C
	*baseptr=0086:0000	*useptr=0086:0000
	&baseptr=0086:FF7A	&useptr=3B4B:00AE
MM_GetPtr
	baseptr=DEAF:DCA7	useptr=DEAF:DCA7
	*baseptr=DEAF:0000	*useptr=DEAF:0000
	&baseptr=DEAF:FF9C	&useptr=3B4B:049E
MM_GetPtr
	baseptr=0082:DCAF	useptr=0082:DCAF
	*baseptr=0082:0000	*useptr=0082:0000
	&baseptr=0082:FF7E	&useptr=3B4B:0492
MM_GetPtr
	baseptr=0082:DCB1	useptr=0082:DCB1
	*baseptr=0082:0000	*useptr=0082:0000
	&baseptr=0082:FF7E	&useptr=3B4B:0486
MM_GetPtr
	baseptr=0082:DCB3	useptr=0082:DCB3
	*baseptr=0082:0000	*useptr=0082:0000
	&baseptr=0082:FF7E	&useptr=3B4B:047A
MM_GetPtr
	baseptr=0082:DCB5	useptr=0082:DCB5
	*baseptr=0082:0000	*useptr=0082:0000
	&baseptr=0082:FF7E	&useptr=3B4B:046E
MM_GetPtr
	baseptr=0082:DCB7	useptr=0082:DCB7
	*baseptr=0082:0000	*useptr=0082:0000
	&baseptr=0082:FF7E	&useptr=3B4B:0462
MM_GetPtr
	baseptr=0082:DCB9	useptr=0082:DCB9
	*baseptr=0082:0000	*useptr=0082:0000
	&baseptr=0082:FF7E	&useptr=3B4B:0456
MM_GetPtr
	baseptr=0082:DCBB	useptr=0082:DCBB
	*baseptr=0082:0000	*useptr=0082:0000
	&baseptr=0082:FF7E	&useptr=3B4B:044A
MM_GetPtr
	baseptr=0082:DCBD	useptr=0082:DCBD
	*baseptr=0082:0000	*useptr=0082:0000
	&baseptr=0082:FF7E	&useptr=3B4B:043E
MM_GetPtr
	baseptr=0082:DCBF	useptr=0082:DCBF
	*baseptr=0082:0000	*useptr=0082:0000
	&baseptr=0082:FF7E	&useptr=3B4B:0432
MM_GetPtr
	baseptr=0082:DCC1	useptr=0082:DCC1
	*baseptr=0082:0000	*useptr=0082:0000
	&baseptr=0082:FF7E	&useptr=3B4B:0426
MM_GetPtr
	baseptr=0082:DCC3	useptr=0082:DCC3
	*baseptr=0082:0000	*useptr=0082:0000
	&baseptr=0082:FF7E	&useptr=3B4B:041A
MM_GetPtr
	baseptr=0082:DCC5	useptr=0082:DCC5
	*baseptr=0082:0000	*useptr=0082:0000
	&baseptr=0082:FF7E	&useptr=3B4B:040E
MM_GetPtr
	baseptr=0082:DCC7	useptr=0082:DCC7
	*baseptr=0082:0000	*useptr=0082:0000
	&baseptr=0082:FF7E	&useptr=3B4B:0402
MM_GetPtr
	baseptr=0082:DCC9	useptr=0082:DCC9
	*baseptr=0082:0000	*useptr=0082:0000
	&baseptr=0082:FF7E	&useptr=3B4B:03F6
MM_GetPtr
	baseptr=0082:DCCB	useptr=0082:DCCB
	*baseptr=0082:0000	*useptr=0082:0000
	&baseptr=0082:FF7E	&useptr=3B4B:03EA
MM_GetPtr
	baseptr=0082:DCCD	useptr=0082:DCCD
	*baseptr=0082:0000	*useptr=0082:0000
	&baseptr=0082:FF7E	&useptr=3B4B:03DE
MM_GetPtr
	baseptr=0082:DCCF	useptr=0082:DCCF
	*baseptr=0082:0000	*useptr=0082:0000
	&baseptr=0082:FF7E	&useptr=3B4B:03D2
MM_GetPtr
	baseptr=0082:DCD1	useptr=0082:DCD1
	*baseptr=0082:0000	*useptr=0082:0000
	&baseptr=0082:FF7E	&useptr=3B4B:03C6
MM_GetPtr
	baseptr=0082:DCD3	useptr=0082:DCD3
	*baseptr=0082:0000	*useptr=0082:0000
	&baseptr=0082:FF7E	&useptr=3B4B:03BA
MM_GetPtr
	baseptr=0082:DCD5	useptr=0082:DCD5
	*baseptr=0082:0000	*useptr=0082:0000
	&baseptr=0082:FF7E	&useptr=3B4B:03AE
MM_GetPtr
	baseptr=0082:DCD7	useptr=0082:DCD7
	*baseptr=0082:0000	*useptr=0082:0000
	&baseptr=0082:FF7E	&useptr=3B4B:03A2
MM_GetPtr
	baseptr=0082:DCD9	useptr=0082:DCD9
	*baseptr=0082:0000	*useptr=0082:0000
	&baseptr=0082:FF7E	&useptr=3B4B:0396
MM_GetPtr
	baseptr=0082:DCDB	useptr=0082:DCDB
	*baseptr=0082:0000	*useptr=0082:0000
	&baseptr=0082:FF7E	&useptr=3B4B:038A
MM_GetPtr
	baseptr=0082:DCDD	useptr=0082:DCDD
	*baseptr=0082:0000	*useptr=0082:0000
	&baseptr=0082:FF7E	&useptr=3B4B:037E
MM_GetPtr
	baseptr=0082:DCDF	useptr=0082:DCDF
	*baseptr=0082:0000	*useptr=0082:0000
	&baseptr=0082:FF7E	&useptr=3B4B:0372
MM_GetPtr
	baseptr=0082:DCE1	useptr=0082:DCE1
	*baseptr=0082:0000	*useptr=0082:0000
	&baseptr=0082:FF7E	&useptr=3B4B:0366
MM_GetPtr
	baseptr=0082:DCE3	useptr=0082:DCE3
	*baseptr=0082:0000	*useptr=0082:0000
	&baseptr=0082:FF7E	&useptr=3B4B:035A
MM_GetPtr
	baseptr=0082:DCE5	useptr=0082:DCE5
	*baseptr=0082:0000	*useptr=0082:0000
	&baseptr=0082:FF7E	&useptr=3B4B:034E
MM_GetPtr
	baseptr=0082:DCE7	useptr=0082:DCE7
	*baseptr=0082:0000	*useptr=0082:0000
	&baseptr=0082:FF7E	&useptr=3B4B:0342
MM_GetPtr
	baseptr=0082:DCE9	useptr=0082:DCE9
	*baseptr=0082:0000	*useptr=0082:0000
	&baseptr=0082:FF7E	&useptr=3B4B:0336
MM_GetPtr
	baseptr=0082:DCEB	useptr=0082:DCEB
	*baseptr=0082:0000	*useptr=0082:0000
	&baseptr=0082:FF7E	&useptr=3B4B:032A
MM_GetPtr
	baseptr=0082:DCED	useptr=0082:DCED
	*baseptr=0082:0000	*useptr=0082:0000
	&baseptr=0082:FF7E	&useptr=3B4B:031E
MM_GetPtr
	baseptr=0082:DCEF	useptr=0082:DCEF
	*baseptr=0082:0000	*useptr=0082:0000
	&baseptr=0082:FF7E	&useptr=3B4B:0312
MM_GetPtr
	baseptr=0082:DCF1	useptr=0082:DCF1
	*baseptr=0082:0000	*useptr=0082:0000
	&baseptr=0082:FF7E	&useptr=3B4B:0306
MM_GetPtr
	baseptr=0082:DCF3	useptr=0082:DCF3
	*baseptr=0082:0000	*useptr=0082:0000
	&baseptr=0082:FF7E	&useptr=3B4B:02FA
MM_GetPtr
	baseptr=0082:DCF5	useptr=0082:DCF5
	*baseptr=0082:0000	*useptr=0082:0000
	&baseptr=0082:FF7E	&useptr=3B4B:02EE
MM_GetPtr
	baseptr=0082:DCF7	useptr=0082:DCF7
	*baseptr=0082:0000	*useptr=0082:0000
	&baseptr=0082:FF7E	&useptr=3B4B:02E2
MM_GetPtr
	baseptr=0082:DCF9	useptr=0082:DCF9
	*baseptr=0082:0000	*useptr=0082:0000
	&baseptr=0082:FF7E	&useptr=3B4B:02D6
MM_GetPtr
	baseptr=0082:DCFB	useptr=0082:DCFB
	*baseptr=0082:0000	*useptr=0082:0000
	&baseptr=0082:FF7E	&useptr=3B4B:02CA
MM_GetPtr
	baseptr=0082:DCFD	useptr=0082:DCFD
	*baseptr=0082:0000	*useptr=0082:0000
	&baseptr=0082:FF7E	&useptr=3B4B:02BE
MM_GetPtr
	baseptr=0082:DCFF	useptr=0082:DCFF
	*baseptr=0082:0000	*useptr=0082:0000
	&baseptr=0082:FF7E	&useptr=3B4B:02B2
MM_GetPtr
	baseptr=0082:DD01	useptr=0082:DD01
	*baseptr=0082:0000	*useptr=0082:0000
	&baseptr=0082:FF7E	&useptr=3B4B:02A6
MM_GetPtr
	baseptr=0082:DD03	useptr=0082:DD03
	*baseptr=0082:0000	*useptr=0082:0000
	&baseptr=0082:FF7E	&useptr=3B4B:029A
MM_GetPtr
	baseptr=0082:DD05	useptr=0082:DD05
	*baseptr=0082:0000	*useptr=0082:0000
	&baseptr=0082:FF7E	&useptr=3B4B:028E
MM_GetPtr
	baseptr=0082:DD07	useptr=0082:DD07
	*baseptr=0082:0000	*useptr=0082:0000
	&baseptr=0082:FF7E	&useptr=3B4B:0282
MM_GetPtr
	baseptr=0082:DD09	useptr=0082:DD09
	*baseptr=0082:0000	*useptr=0082:0000
	&baseptr=0082:FF7E	&useptr=3B4B:0276
MM_GetPtr
	baseptr=0082:DD0B	useptr=0082:DD0B
	*baseptr=0082:0000	*useptr=0082:0000
	&baseptr=0082:FF7E	&useptr=3B4B:026A
MM_GetPtr
	baseptr=0082:DD0D	useptr=0082:DD0D
	*baseptr=0082:0000	*useptr=0082:0000
	&baseptr=0082:FF7E	&useptr=3B4B:025E
MM_GetPtr
	baseptr=0082:DD0F	useptr=0082:DD0F
	*baseptr=0082:0000	*useptr=0082:0000
	&baseptr=0082:FF7E	&useptr=3B4B:0252
MM_GetPtr
	baseptr=0082:DD11	useptr=0082:DD11
	*baseptr=0082:0000	*useptr=0082:0000
	&baseptr=0082:FF7E	&useptr=3B4B:0246
MM_GetPtr
	baseptr=0082:DD13	useptr=0082:DD13
	*baseptr=0082:0000	*useptr=0082:0000
	&baseptr=0082:FF7E	&useptr=3B4B:023A
MM_GetPtr
	baseptr=0082:DD15	useptr=0082:DD15
	*baseptr=0082:0000	*useptr=0082:0000
	&baseptr=0082:FF7E	&useptr=3B4B:022E
MM_GetPtr
	baseptr=0082:DD17	useptr=0082:DD17
	*baseptr=0082:0000	*useptr=0082:0000
	&baseptr=0082:FF7E	&useptr=3B4B:0222
MM_GetPtr
	baseptr=0082:DD19	useptr=0082:DD19
	*baseptr=0082:0000	*useptr=0082:0000
	&baseptr=0082:FF7E	&useptr=3B4B:0216
MM_GetPtr
	baseptr=0082:DD1B	useptr=0082:DD1B
	*baseptr=0082:0000	*useptr=0082:0000
	&baseptr=0082:FF7E	&useptr=3B4B:020A
MM_GetPtr
	baseptr=0082:DD1D	useptr=0082:DD1D
	*baseptr=0082:0000	*useptr=0082:0000
	&baseptr=0082:FF7E	&useptr=3B4B:01FE
MM_GetPtr
	baseptr=0082:DD1F	useptr=0082:DD1F
	*baseptr=0082:0000	*useptr=0082:0000
	&baseptr=0082:FF7E	&useptr=3B4B:01F2
MM_GetPtr
	baseptr=0082:DD21	useptr=0082:DD21
	*baseptr=0082:0000	*useptr=0082:0000
	&baseptr=0082:FF7E	&useptr=3B4B:01E6
MM_GetPtr
	baseptr=0082:DD23	useptr=0082:DD23
	*baseptr=0082:0000	*useptr=0082:0000
	&baseptr=0082:FF7E	&useptr=3B4B:01DA
MM_GetPtr
	baseptr=0082:DD25	useptr=0082:DD25
	*baseptr=0082:0000	*useptr=0082:0000
	&baseptr=0082:FF7E	&useptr=3B4B:01CE
MM_GetPtr
	baseptr=0082:DD27	useptr=0082:DD27
	*baseptr=0082:0000	*useptr=0082:0000
	&baseptr=0082:FF7E	&useptr=3B4B:01C2
MM_GetPtr
	baseptr=0082:DD29	useptr=0082:DD29
	*baseptr=0082:0000	*useptr=0082:0000
	&baseptr=0082:FF7E	&useptr=3B4B:01B6
MM_GetPtr
	baseptr=0082:DD2B	useptr=0082:DD2B
	*baseptr=0082:0000	*useptr=0082:0000
	&baseptr=0082:FF7E	&useptr=3B4B:01AA
MM_GetPtr
	baseptr=0082:DD2D	useptr=0082:DD2D
	*baseptr=0082:0000	*useptr=0082:0000
	&baseptr=0082:FF7E	&useptr=3B4B:019E
MM_GetPtr
	baseptr=0082:DD2F	useptr=0082:DD2F
	*baseptr=0082:0000	*useptr=0082:0000
	&baseptr=0082:FF7E	&useptr=3B4B:0192
MM_GetPtr
	baseptr=0082:DD31	useptr=0082:DD31
	*baseptr=0082:0000	*useptr=0082:0000
	&baseptr=0082:FF7E	&useptr=3B4B:0186
MM_GetPtr
	baseptr=0082:DD33	useptr=0082:DD33
	*baseptr=0082:0000	*useptr=0082:0000
	&baseptr=0082:FF7E	&useptr=3B4B:017A
MM_GetPtr
	baseptr=0082:DD35	useptr=0082:DD35
	*baseptr=0082:0000	*useptr=0082:0000
	&baseptr=0082:FF7E	&useptr=3B4B:016E
MM_GetPtr
	baseptr=0082:DD37	useptr=0082:DD37
	*baseptr=0082:0000	*useptr=0082:0000
	&baseptr=0082:FF7E	&useptr=3B4B:0162
MM_GetPtr
	baseptr=0082:DD39	useptr=0082:DD39
	*baseptr=0082:0000	*useptr=0082:0000
	&baseptr=0082:FF7E	&useptr=3B4B:0156
MM_GetPtr
	baseptr=0082:DD3B	useptr=0082:DD3B
	*baseptr=0082:0000	*useptr=0082:0000
	&baseptr=0082:FF7E	&useptr=3B4B:014A
MM_GetPtr
	baseptr=0082:DD3D	useptr=0082:DD3D
	*baseptr=0082:0000	*useptr=0082:0000
	&baseptr=0082:FF7E	&useptr=3B4B:013E
MM_GetPtr
	baseptr=0082:DD3F	useptr=0082:DD3F
	*baseptr=0082:0000	*useptr=0082:0000
	&baseptr=0082:FF7E	&useptr=3B4B:0132
MM_GetPtr
	baseptr=0082:DD41	useptr=0082:DD41
	*baseptr=0082:0000	*useptr=0082:0000
	&baseptr=0082:FF7E	&useptr=3B4B:0126
MM_GetPtr
	baseptr=0082:DD43	useptr=0082:DD43
	*baseptr=0082:0000	*useptr=0082:0000
	&baseptr=0082:FF7E	&useptr=3B4B:011A
MM_GetPtr
	baseptr=0082:DD45	useptr=0082:DD45
	*baseptr=0082:0000	*useptr=0082:0000
	&baseptr=0082:FF7E	&useptr=3B4B:010E
MM_GetPtr
	baseptr=0082:DD4B	useptr=0082:DD4B
	*baseptr=0082:0000	*useptr=0082:0000
	&baseptr=0082:FF7E	&useptr=3B4B:0102
MM_GetPtr
	baseptr=0082:DD51	useptr=0082:DD51
	*baseptr=0082:0000	*useptr=0082:0000
	&baseptr=0082:FF7E	&useptr=3B4B:00F6
MM_GetPtr
	baseptr=0082:DD57	useptr=0082:DD57
	*baseptr=0082:0000	*useptr=0082:0000
	&baseptr=0082:FF7E	&useptr=3B4B:00EA
MM_GetPtr
	baseptr=0082:DD5D	useptr=0082:DD5D
	*baseptr=0082:0000	*useptr=0082:0000
	&baseptr=0082:FF7E	&useptr=3B4B:00DE
MM_GetPtr
	baseptr=0082:DD63	useptr=0082:DD63
	*baseptr=0082:0000	*useptr=0082:0000
	&baseptr=0082:FF7E	&useptr=3B4B:00AE
MM_GetPtr
	baseptr=0082:DD69	useptr=0082:DD69
	*baseptr=0082:0000	*useptr=0082:0000
	&baseptr=0082:FF7E	&useptr=3B4B:00A2
MM_GetPtr
	baseptr=0082:DD6F	useptr=0082:DD6F
	*baseptr=0082:0000	*useptr=0082:0000
	&baseptr=0082:FF7E	&useptr=3B4B:00D2
MM_GetPtr
	baseptr=0082:DD75	useptr=0082:DD75
	*baseptr=0082:0000	*useptr=0082:0000
	&baseptr=0082:FF7E	&useptr=3B4B:00C6
MM_GetPtr
	baseptr=0082:DD7B	useptr=0082:DD7B
	*baseptr=0082:0000	*useptr=0082:0000
	&baseptr=0082:FF7E	&useptr=3B4B:00BA
MM_GetPtr
	baseptr=0082:DD81	useptr=0082:DD81
	*baseptr=0082:0000	*useptr=0082:0000
	&baseptr=0082:FF7E	&useptr=3B4B:0096
MM_GetPtr
	baseptr=0082:DD87	useptr=0082:DD87
	*baseptr=0082:0000	*useptr=0082:0000
	&baseptr=0082:FF7E	&useptr=3B4B:07AA
MM_GetPtr
	baseptr=0082:DD8D	useptr=0082:DD8D
	*baseptr=0082:0000	*useptr=0082:0000
	&baseptr=0082:FF7E	&useptr=3B4B:07B6
MM_GetPtr
	baseptr=0082:DD93	useptr=0082:DD93
	*baseptr=0082:0000	*useptr=0082:0000
	&baseptr=0082:FF7E	&useptr=3B4B:07C2
MM_GetPtr
	baseptr=0082:DD99	useptr=0082:DD99
	*baseptr=0082:0000	*useptr=0082:0000
	&baseptr=0082:FF7E	&useptr=3B4B:07CE
MM_GetPtr
	baseptr=0082:DD9F	useptr=0082:DD9F
	*baseptr=0082:0000	*useptr=0082:0000
	&baseptr=0082:FF7E	&useptr=3B4B:07DA
MM_GetPtr
	baseptr=0082:DDA5	useptr=0082:DDA5
	*baseptr=0082:0000	*useptr=0082:0000
	&baseptr=0082:FF7E	&useptr=3B4B:07E6
MM_GetPtr
	baseptr=0082:DDAB	useptr=0082:DDAB
	*baseptr=0082:0000	*useptr=0082:0000
	&baseptr=0082:FF7E	&useptr=3B4B:07F2
MM_GetPtr
	baseptr=0082:DDB1	useptr=0082:DDB1
	*baseptr=0082:0000	*useptr=0082:0000
	&baseptr=0082:FF7E	&useptr=3B4B:07FE
MM_GetPtr
	baseptr=0082:DDB7	useptr=0082:DDB7
	*baseptr=0082:0000	*useptr=0082:0000
	&baseptr=0082:FF7E	&useptr=3B4B:080A
MM_GetPtr
	baseptr=0082:DDBD	useptr=0082:DDBD
	*baseptr=0082:0000	*useptr=0082:0000
	&baseptr=0082:FF7E	&useptr=3B4B:0816
MM_GetPtr
	baseptr=0082:DDC3	useptr=0082:DDC3
	*baseptr=0082:0000	*useptr=0082:0000
	&baseptr=0082:FF7E	&useptr=3B4B:0822
MM_GetPtr
	baseptr=0082:DDC9	useptr=0082:DDC9
	*baseptr=0082:0000	*useptr=0082:0000
	&baseptr=0082:FF7E	&useptr=3B4B:082E
MM_GetPtr
	baseptr=0082:DDCF	useptr=0082:DDCF
	*baseptr=0082:0000	*useptr=0082:0000
	&baseptr=0082:FF7E	&useptr=3B4B:083A
MM_GetPtr
	baseptr=0082:DDD5	useptr=0082:DDD5
	*baseptr=0082:0000	*useptr=0082:0000
	&baseptr=0082:FF7E	&useptr=3B4B:0846
MM_GetPtr
	baseptr=0082:DDDB	useptr=0082:DDDB
	*baseptr=0082:0000	*useptr=0082:0000
	&baseptr=0082:FF7E	&useptr=3B4B:0852
MM_GetPtr
	baseptr=0082:DDE1	useptr=0082:DDE1
	*baseptr=0082:0000	*useptr=0082:0000
	&baseptr=0082:FF7E	&useptr=3B4B:085E
MM_GetPtr
	baseptr=0082:DDE7	useptr=0082:DDE7
	*baseptr=0082:0000	*useptr=0082:0000
	&baseptr=0082:FF7E	&useptr=3B4B:086A
MM_GetPtr
	baseptr=0082:DDED	useptr=0082:DDED
	*baseptr=0082:0000	*useptr=0082:0000
	&baseptr=0082:FF7E	&useptr=3B4B:0876
MM_GetPtr
	baseptr=0082:DDF3	useptr=0082:DDF3
	*baseptr=0082:0000	*useptr=0082:0000
	&baseptr=0082:FF7E	&useptr=3B4B:0882
MM_GetPtr
	baseptr=0082:DDF9	useptr=0082:DDF9
	*baseptr=0082:0000	*useptr=0082:0000
	&baseptr=0082:FF7E	&useptr=3B4B:088E
MM_GetPtr
	baseptr=0082:DDFF	useptr=0082:DDFF
	*baseptr=0082:0000	*useptr=0082:0000
	&baseptr=0082:FF7E	&useptr=3B4B:089A
MM_GetPtr
	baseptr=0082:DE05	useptr=0082:DE05
	*baseptr=0082:0000	*useptr=0082:0000
	&baseptr=0082:FF7E	&useptr=3B4B:08A6
MM_GetPtr
	baseptr=0082:DE0B	useptr=0082:DE0B
	*baseptr=0082:0000	*useptr=0082:0000
	&baseptr=0082:FF7E	&useptr=3B4B:08B2
MM_GetPtr
	baseptr=0082:DE11	useptr=0082:DE11
	*baseptr=0082:0000	*useptr=0082:0000
	&baseptr=0082:FF7E	&useptr=3B4B:08BE
MM_GetPtr
	baseptr=0082:DE17	useptr=0082:DE17
	*baseptr=0082:0000	*useptr=0082:0000
	&baseptr=0082:FF7E	&useptr=3B4B:08CA
MM_GetPtr
	baseptr=0082:DE1D	useptr=0082:DE1D
	*baseptr=0082:0000	*useptr=0082:0000
	&baseptr=0082:FF7E	&useptr=3B4B:08D6
MM_GetPtr
	baseptr=0082:DE23	useptr=0082:DE23
	*baseptr=0082:0000	*useptr=0082:0000
	&baseptr=0082:FF7E	&useptr=3B4B:08E2
MM_GetPtr
	baseptr=0082:DE29	useptr=0082:DE29
	*baseptr=0082:0000	*useptr=0082:0000
	&baseptr=0082:FF7E	&useptr=3B4B:08EE
MM_GetPtr
	baseptr=0082:DE2F	useptr=0082:DE2F
	*baseptr=0082:0000	*useptr=0082:0000
	&baseptr=0082:FF7E	&useptr=3B4B:08FA
MM_GetPtr
	baseptr=0082:DE35	useptr=0082:DE35
	*baseptr=0082:0000	*useptr=0082:0000
	&baseptr=0082:FF7E	&useptr=3B4B:0906
MM_GetPtr
	baseptr=0082:DE3B	useptr=0082:DE3B
	*baseptr=0082:0000	*useptr=0082:0000
	&baseptr=0082:FF7E	&useptr=3B4B:0912
MM_GetPtr
	baseptr=0082:DE41	useptr=0082:DE41
	*baseptr=0082:0000	*useptr=0082:0000
	&baseptr=0082:FF7E	&useptr=3B4B:091E
MM_GetPtr
	baseptr=0082:DE47	useptr=0082:DE47
	*baseptr=0082:0000	*useptr=0082:0000
	&baseptr=0082:FF7E	&useptr=3B4B:092A
MM_GetPtr
	baseptr=0082:DE4D	useptr=0082:DE4D
	*baseptr=0082:0000	*useptr=0082:0000
	&baseptr=0082:FF7E	&useptr=3B4B:0936
MM_GetPtr
	baseptr=0082:DE53	useptr=0082:DE53
	*baseptr=0082:0000	*useptr=0082:0000
	&baseptr=0082:FF7E	&useptr=3B4B:0942
MM_GetPtr
	baseptr=0082:DE59	useptr=0082:DE59
	*baseptr=0082:0000	*useptr=0082:0000
	&baseptr=0082:FF7E	&useptr=3B4B:094E
MM_GetPtr
	baseptr=0082:DE5F	useptr=0082:DE5F
	*baseptr=0082:0000	*useptr=0082:0000
	&baseptr=0082:FF7E	&useptr=3B4B:095A
MM_GetPtr
	baseptr=0082:DE65	useptr=0082:DE65
	*baseptr=0082:0000	*useptr=0082:0000
	&baseptr=0082:FF7E	&useptr=3B4B:0966
MM_GetPtr
	baseptr=0082:DE6B	useptr=0082:DE6B
	*baseptr=0082:0000	*useptr=0082:0000
	&baseptr=0082:FF7E	&useptr=3B4B:0972
MM_GetPtr
	baseptr=0082:DE71	useptr=0082:DE71
	*baseptr=0082:0000	*useptr=0082:0000
	&baseptr=0082:FF7E	&useptr=3B4B:097E
MM_GetPtr
	baseptr=4628:A11E	useptr=4628:A11E
	*baseptr=4628:0000	*useptr=4628:0000
	&baseptr=4628:FFA8	&useptr=3B4B:049E
MM_GetPtr
	baseptr=0058:FFB2	useptr=0058:FFB2
	*baseptr=0058:460A	*useptr=0058:460A
	&baseptr=0058:FFA4	&useptr=3B4B:098A
MM_GetPtr
	baseptr=0058:9CB0	useptr=0058:9CB0
	*baseptr=0058:0000	*useptr=0058:0000
	&baseptr=0058:FF92	&useptr=3B4B:0996
MM_GetPtr
	baseptr=4628:FFB4	useptr=4628:FFB4
	*baseptr=4628:04F1	*useptr=4628:04F1
	&baseptr=4628:FFA8	&useptr=3B4B:0996
MM_GetPtr
	baseptr=4628:A12C	useptr=4628:A12C
	*baseptr=4628:0000	*useptr=4628:0000
	&baseptr=4628:FFA0	&useptr=3B4B:049E
MM_GetPtr
	baseptr=0002:FF4C	useptr=0002:FF4C
	*baseptr=0002:0000	*useptr=0002:0000
	&baseptr=0002:FF3E	&useptr=3B4B:0996
MM_GetPtr
	baseptr=0002:9C04	useptr=0002:9C04
	*baseptr=0002:0000	*useptr=0002:0000
	&baseptr=0002:FF2C	&useptr=3B4B:098A
MM_GetPtr
	baseptr=000A:9C14	useptr=000A:9C14
	*baseptr=000A:0000	*useptr=000A:0000
	&baseptr=000A:FF1E	&useptr=3B4B:0996
MM_GetPtr
	baseptr=000B:9C16	useptr=000B:9C16
	*baseptr=000B:0000	*useptr=000B:0000
	&baseptr=000B:FF1E	&useptr=3B4B:09A2
MM_GetPtr
	baseptr=000C:9C18	useptr=000C:9C18
	*baseptr=000C:0000	*useptr=000C:0000
	&baseptr=000C:FF1E	&useptr=3B4B:09AE
MM_GetPtr
	baseptr=000D:9C1A	useptr=000D:9C1A
	*baseptr=000D:0000	*useptr=000D:0000
	&baseptr=000D:FF1E	&useptr=3B4B:09BA
MM_GetPtr
	baseptr=000E:9C1C	useptr=000E:9C1C
	*baseptr=000E:0000	*useptr=000E:0000
	&baseptr=000E:FF1E	&useptr=3B4B:09C6
MM_GetPtr
	baseptr=000F:9C1E	useptr=000F:9C1E
	*baseptr=000F:0000	*useptr=000F:0000
	&baseptr=000F:FF1E	&useptr=3B4B:09D2
MM_GetPtr
	baseptr=0010:9C20	useptr=0010:9C20
	*baseptr=0010:0000	*useptr=0010:0000
	&baseptr=0010:FF1E	&useptr=3B4B:09DE
MM_GetPtr
	baseptr=0011:9C22	useptr=0011:9C22
	*baseptr=0011:0000	*useptr=0011:0000
	&baseptr=0011:FF1E	&useptr=3B4B:09EA
MM_GetPtr
	baseptr=0012:9C24	useptr=0012:9C24
	*baseptr=0012:0000	*useptr=0012:0000
	&baseptr=0012:FF1E	&useptr=3B4B:09F6
MM_GetPtr
	baseptr=0013:9C26	useptr=0013:9C26
	*baseptr=0013:0000	*useptr=0013:0000
	&baseptr=0013:FF1E	&useptr=3B4B:0A02
MM_GetPtr
	baseptr=0014:9C28	useptr=0014:9C28
	*baseptr=0014:0000	*useptr=0014:0000
	&baseptr=0014:FF1E	&useptr=3B4B:0A0E
MM_GetPtr
	baseptr=0015:9C2A	useptr=0015:9C2A
	*baseptr=0015:0000	*useptr=0015:0000
	&baseptr=0015:FF1E	&useptr=3B4B:0A1A
MM_GetPtr
	baseptr=0016:9C2C	useptr=0016:9C2C
	*baseptr=0016:0000	*useptr=0016:0000
	&baseptr=0016:FF1E	&useptr=3B4B:0A26
MM_GetPtr
	baseptr=0017:9C2E	useptr=0017:9C2E
	*baseptr=0017:0000	*useptr=0017:0000
	&baseptr=0017:FF1E	&useptr=3B4B:0A32
MM_GetPtr
	baseptr=0018:9C30	useptr=0018:9C30
	*baseptr=0018:0000	*useptr=0018:0000
	&baseptr=0018:FF1E	&useptr=3B4B:0A3E
MM_GetPtr
	baseptr=0019:9C32	useptr=0019:9C32
	*baseptr=0019:0000	*useptr=0019:0000
	&baseptr=0019:FF1E	&useptr=3B4B:0A4A
MM_GetPtr
	baseptr=001A:9C34	useptr=001A:9C34
	*baseptr=001A:0000	*useptr=001A:0000
	&baseptr=001A:FF1E	&useptr=3B4B:0A56
MM_GetPtr
	baseptr=001B:9C36	useptr=001B:9C36
	*baseptr=001B:0000	*useptr=001B:0000
	&baseptr=001B:FF1E	&useptr=3B4B:0A62
MM_GetPtr
	baseptr=001C:FF3E	useptr=001C:FF3E
	*baseptr=001C:109D	*useptr=001C:109D
	&baseptr=001C:FF30	&useptr=3B4B:0A6E
MM_GetPtr
	baseptr=001C:9C38	useptr=001C:9C38
	*baseptr=001C:0000	*useptr=001C:0000
	&baseptr=001C:FF1E	&useptr=3B4B:0A7A
MM_GetPtr
	baseptr=001D:FF3E	useptr=001D:FF3E
	*baseptr=001D:0000	*useptr=001D:0000
	&baseptr=001D:FF30	&useptr=3B4B:0A6E
MM_GetPtr
	baseptr=001D:9C3A	useptr=001D:9C3A
	*baseptr=001D:0000	*useptr=001D:0000
	&baseptr=001D:FF1E	&useptr=3B4B:0A86
MM_GetPtr
	baseptr=001E:9C3C	useptr=001E:9C3C
	*baseptr=001E:0000	*useptr=001E:0000
	&baseptr=001E:FF1E	&useptr=3B4B:0A6E
MM_GetPtr
	baseptr=001F:9C3E	useptr=001F:9C3E
	*baseptr=001F:0000	*useptr=001F:0000
	&baseptr=001F:FF1E	&useptr=3B4B:0A92
MM_GetPtr
	baseptr=0020:9C40	useptr=0020:9C40
	*baseptr=0020:0000	*useptr=0020:0000
	&baseptr=0020:FF1E	&useptr=3B4B:0A9E
MM_GetPtr
	baseptr=0021:9C42	useptr=0021:9C42
	*baseptr=0021:0000	*useptr=0021:0000
	&baseptr=0021:FF1E	&useptr=3B4B:0AAA
MM_GetPtr
	baseptr=0022:9C44	useptr=0022:9C44
	*baseptr=0022:0000	*useptr=0022:0000
	&baseptr=0022:FF1E	&useptr=3B4B:0AB6
MM_GetPtr
	baseptr=0023:9C46	useptr=0023:9C46
	*baseptr=0023:0000	*useptr=0023:0000
	&baseptr=0023:FF1E	&useptr=3B4B:0AC2
MM_GetPtr
	baseptr=0024:9C48	useptr=0024:9C48
	*baseptr=0024:0000	*useptr=0024:0000
	&baseptr=0024:FF1E	&useptr=3B4B:0ACE
MM_GetPtr
	baseptr=0025:9C4A	useptr=0025:9C4A
	*baseptr=0025:0000	*useptr=0025:0000
	&baseptr=0025:FF1E	&useptr=3B4B:0ADA
MM_GetPtr
	baseptr=0026:9C4C	useptr=0026:9C4C
	*baseptr=0026:0000	*useptr=0026:0000
	&baseptr=0026:FF1E	&useptr=3B4B:0AE6
MM_GetPtr
	baseptr=0027:9C4E	useptr=0027:9C4E
	*baseptr=0027:0000	*useptr=0027:0000
	&baseptr=0027:FF1E	&useptr=3B4B:0AF2
MM_GetPtr
	baseptr=0028:9C50	useptr=0028:9C50
	*baseptr=0028:0000	*useptr=0028:0000
	&baseptr=0028:FF1E	&useptr=3B4B:0AFE
MM_GetPtr
	baseptr=0029:9C52	useptr=0029:9C52
	*baseptr=0029:0000	*useptr=0029:0000
	&baseptr=0029:FF1E	&useptr=3B4B:0B0A
MM_GetPtr
	baseptr=002A:9C54	useptr=002A:9C54
	*baseptr=002A:0000	*useptr=002A:0000
	&baseptr=002A:FF1E	&useptr=3B4B:0B16
MM_GetPtr
	baseptr=0000:9FB4	useptr=0000:9FB4
	*baseptr=0000:0000	*useptr=0000:0000
	&baseptr=0000:FF3A	&useptr=3B4B:0B22
MM_GetPtr
	baseptr=0001:9FB6	useptr=0001:9FB6
	*baseptr=0001:0000	*useptr=0001:0000
	&baseptr=0001:FF3A	&useptr=3B4B:0B2E
MM_GetPtr
	baseptr=0002:9FB8	useptr=0002:9FB8
	*baseptr=0002:0000	*useptr=0002:0000
	&baseptr=0002:FF3A	&useptr=3B4B:0B3A
MM_GetPtr
	baseptr=0003:9FBA	useptr=0003:9FBA
	*baseptr=0003:0000	*useptr=0003:0000
	&baseptr=0003:FF3A	&useptr=3B4B:0B46
MM_GetPtr
	baseptr=0004:9FBC	useptr=0004:9FBC
	*baseptr=0004:0000	*useptr=0004:0000
	&baseptr=0004:FF3A	&useptr=3B4B:0B52
MM_GetPtr
	baseptr=0005:9FBE	useptr=0005:9FBE
	*baseptr=0005:0000	*useptr=0005:0000
	&baseptr=0005:FF3A	&useptr=3B4B:0B5E
MM_GetPtr
	baseptr=0006:9FC0	useptr=0006:9FC0
	*baseptr=0006:0000	*useptr=0006:0000
	&baseptr=0006:FF3A	&useptr=3B4B:0B6A
MM_GetPtr
	baseptr=0007:9FC2	useptr=0007:9FC2
	*baseptr=0007:0000	*useptr=0007:0000
	&baseptr=0007:FF3A	&useptr=3B4B:0B76
MM_GetPtr
	baseptr=0008:9FC4	useptr=0008:9FC4
	*baseptr=0008:0000	*useptr=0008:0000
	&baseptr=0008:FF3A	&useptr=3B4B:0B82
MM_GetPtr
	baseptr=0009:9FC6	useptr=0009:9FC6
	*baseptr=0009:0000	*useptr=0009:0000
	&baseptr=0009:FF3A	&useptr=3B4B:0B8E
MM_GetPtr
	baseptr=000A:9FC8	useptr=000A:9FC8
	*baseptr=000A:0000	*useptr=000A:0000
	&baseptr=000A:FF3A	&useptr=3B4B:0B9A
MM_GetPtr
	baseptr=000B:9FCA	useptr=000B:9FCA
	*baseptr=000B:0000	*useptr=000B:0000
	&baseptr=000B:FF3A	&useptr=3B4B:0BA6
MM_GetPtr
	baseptr=000C:9FCC	useptr=000C:9FCC
	*baseptr=000C:0000	*useptr=000C:0000
	&baseptr=000C:FF3A	&useptr=3B4B:0BB2
MM_GetPtr
	baseptr=000D:9FCE	useptr=000D:9FCE
	*baseptr=000D:0000	*useptr=000D:0000
	&baseptr=000D:FF3A	&useptr=3B4B:0BBE
MM_GetPtr
	baseptr=000E:9FD0	useptr=000E:9FD0
	*baseptr=000E:0000	*useptr=000E:0000
	&baseptr=000E:FF3A	&useptr=3B4B:0BCA
MM_GetPtr
	baseptr=000F:9FD2	useptr=000F:9FD2
	*baseptr=000F:0000	*useptr=000F:0000
	&baseptr=000F:FF3A	&useptr=3B4B:0BD6
MM_GetPtr
	baseptr=0010:9FD4	useptr=0010:9FD4
	*baseptr=0010:0000	*useptr=0010:0000
	&baseptr=0010:FF3A	&useptr=3B4B:0BE2
MM_GetPtr
	baseptr=0011:9FD6	useptr=0011:9FD6
	*baseptr=0011:0000	*useptr=0011:0000
	&baseptr=0011:FF3A	&useptr=3B4B:0BEE
MM_GetPtr
	baseptr=0012:9FD8	useptr=0012:9FD8
	*baseptr=0012:0000	*useptr=0012:0000
	&baseptr=0012:FF3A	&useptr=3B4B:0BFA
MM_GetPtr
	baseptr=0013:9FDA	useptr=0013:9FDA
	*baseptr=0013:0000	*useptr=0013:0000
	&baseptr=0013:FF3A	&useptr=3B4B:0C06
MM_GetPtr
	baseptr=0014:9FDC	useptr=0014:9FDC
	*baseptr=0014:0000	*useptr=0014:0000
	&baseptr=0014:FF3A	&useptr=3B4B:0C12
MM_GetPtr
	baseptr=0015:9FDE	useptr=0015:9FDE
	*baseptr=0015:0000	*useptr=0015:0000
	&baseptr=0015:FF3A	&useptr=3B4B:0C1E
MM_GetPtr
	baseptr=0016:9FE0	useptr=0016:9FE0
	*baseptr=0016:0000	*useptr=0016:0000
	&baseptr=0016:FF3A	&useptr=3B4B:0C2A
MM_GetPtr
	baseptr=0017:9FE2	useptr=0017:9FE2
	*baseptr=0017:0000	*useptr=0017:0000
	&baseptr=0017:FF3A	&useptr=3B4B:0C36
MM_GetPtr
	baseptr=0018:9FE4	useptr=0018:9FE4
	*baseptr=0018:0000	*useptr=0018:0000
	&baseptr=0018:FF3A	&useptr=3B4B:0C42
MM_GetPtr
	baseptr=0019:9FE6	useptr=0019:9FE6
	*baseptr=0019:0000	*useptr=0019:0000
	&baseptr=0019:FF3A	&useptr=3B4B:0C4E
MM_GetPtr
	baseptr=001A:9FE8	useptr=001A:9FE8
	*baseptr=001A:0000	*useptr=001A:0000
	&baseptr=001A:FF3A	&useptr=3B4B:0C5A
MM_GetPtr
	baseptr=001B:9FEA	useptr=001B:9FEA
	*baseptr=001B:0000	*useptr=001B:0000
	&baseptr=001B:FF3A	&useptr=3B4B:0C66
MM_GetPtr
	baseptr=001C:9FEC	useptr=001C:9FEC
	*baseptr=001C:0000	*useptr=001C:0000
	&baseptr=001C:FF3A	&useptr=3B4B:0C72
MM_GetPtr
	baseptr=001D:9FEE	useptr=001D:9FEE
	*baseptr=001D:0000	*useptr=001D:0000
	&baseptr=001D:FF3A	&useptr=3B4B:0C7E
MM_GetPtr
	baseptr=001E:9FF0	useptr=001E:9FF0
	*baseptr=001E:0000	*useptr=001E:0000
	&baseptr=001E:FF3A	&useptr=3B4B:0C8A
MM_GetPtr
	baseptr=001F:9FF2	useptr=001F:9FF2
	*baseptr=001F:0000	*useptr=001F:0000
	&baseptr=001F:FF3A	&useptr=3B4B:0C96
MM_GetPtr
	baseptr=0020:9FF4	useptr=0020:9FF4
	*baseptr=0020:0000	*useptr=0020:0000
	&baseptr=0020:FF3A	&useptr=3B4B:0CA2
MM_GetPtr
	baseptr=0021:9FF6	useptr=0021:9FF6
	*baseptr=0021:0000	*useptr=0021:0000
	&baseptr=0021:FF3A	&useptr=3B4B:0CAE
MM_GetPtr
	baseptr=0022:9FF8	useptr=0022:9FF8
	*baseptr=0022:0000	*useptr=0022:0000
	&baseptr=0022:FF3A	&useptr=3B4B:0CBA
MM_GetPtr
	baseptr=0023:9FFA	useptr=0023:9FFA
	*baseptr=0023:0000	*useptr=0023:0000
	&baseptr=0023:FF3A	&useptr=3B4B:0CC6
MM_GetPtr
	baseptr=0024:9FFC	useptr=0024:9FFC
	*baseptr=0024:0000	*useptr=0024:0000
	&baseptr=0024:FF3A	&useptr=3B4B:0CD2
MM_GetPtr
	baseptr=0025:9FFE	useptr=0025:9FFE
	*baseptr=0025:0000	*useptr=0025:0000
	&baseptr=0025:FF3A	&useptr=3B4B:0CDE
MM_GetPtr
	baseptr=0026:A000	useptr=0026:A000
	*baseptr=0026:0000	*useptr=0026:0000
	&baseptr=0026:FF3A	&useptr=3B4B:0CEA
MM_GetPtr
	baseptr=0027:A002	useptr=0027:A002
	*baseptr=0027:0000	*useptr=0027:0000
	&baseptr=0027:FF3A	&useptr=3B4B:0CF6
MM_GetPtr
	baseptr=0028:A004	useptr=0028:A004
	*baseptr=0028:0000	*useptr=0028:0000
	&baseptr=0028:FF3A	&useptr=3B4B:0D02
MM_GetPtr
	baseptr=0029:A006	useptr=0029:A006
	*baseptr=0029:0000	*useptr=0029:0000
	&baseptr=0029:FF3A	&useptr=3B4B:0D0E
MM_GetPtr
	baseptr=002A:A008	useptr=002A:A008
	*baseptr=002A:0000	*useptr=002A:0000
	&baseptr=002A:FF3A	&useptr=3B4B:0D1A
MM_GetPtr
	baseptr=002B:A00A	useptr=002B:A00A
	*baseptr=002B:0000	*useptr=002B:0000
	&baseptr=002B:FF3A	&useptr=3B4B:0D26
MM_GetPtr
	baseptr=002C:A00C	useptr=002C:A00C
	*baseptr=002C:0000	*useptr=002C:0000
	&baseptr=002C:FF3A	&useptr=3B4B:0D32
MM_GetPtr
	baseptr=002D:A00E	useptr=002D:A00E
	*baseptr=002D:0000	*useptr=002D:0000
	&baseptr=002D:FF3A	&useptr=3B4B:0D3E
MM_GetPtr
	baseptr=002E:A010	useptr=002E:A010
	*baseptr=002E:0000	*useptr=002E:0000
	&baseptr=002E:FF3A	&useptr=3B4B:0D4A
MM_GetPtr
	baseptr=002F:A012	useptr=002F:A012
	*baseptr=002F:0000	*useptr=002F:0000
	&baseptr=002F:FF3A	&useptr=3B4B:0D56
MM_GetPtr
	baseptr=0030:A014	useptr=0030:A014
	*baseptr=0030:0000	*useptr=0030:0000
	&baseptr=0030:FF3A	&useptr=3B4B:0D62
MM_GetPtr
	baseptr=0031:A016	useptr=0031:A016
	*baseptr=0031:0000	*useptr=0031:0000
	&baseptr=0031:FF3A	&useptr=3B4B:0D6E
MM_GetPtr
	baseptr=0032:A018	useptr=0032:A018
	*baseptr=0032:0000	*useptr=0032:0000
	&baseptr=0032:FF3A	&useptr=3B4B:0D7A
MM_GetPtr
	baseptr=0033:A01A	useptr=0033:A01A
	*baseptr=0033:0000	*useptr=0033:0000
	&baseptr=0033:FF3A	&useptr=3B4B:0D86
MM_GetPtr
	baseptr=0034:A01C	useptr=0034:A01C
	*baseptr=0034:0000	*useptr=0034:0000
	&baseptr=0034:FF3A	&useptr=3B4B:0D92
MM_GetPtr
	baseptr=0035:A01E	useptr=0035:A01E
	*baseptr=0035:0000	*useptr=0035:0000
	&baseptr=0035:FF3A	&useptr=3B4B:0D9E
MM_GetPtr
	baseptr=0036:A020	useptr=0036:A020
	*baseptr=0036:0000	*useptr=0036:0000
	&baseptr=0036:FF3A	&useptr=3B4B:0DAA
MM_GetPtr
	baseptr=0037:A022	useptr=0037:A022
	*baseptr=0037:0000	*useptr=0037:0000
	&baseptr=0037:FF3A	&useptr=3B4B:0DB6
MM_GetPtr
	baseptr=0038:A024	useptr=0038:A024
	*baseptr=0038:0000	*useptr=0038:0000
	&baseptr=0038:FF3A	&useptr=3B4B:0DC2
MM_GetPtr
	baseptr=0039:A026	useptr=0039:A026
	*baseptr=0039:0000	*useptr=0039:0000
	&baseptr=0039:FF3A	&useptr=3B4B:0DCE
MM_GetPtr
	baseptr=003A:A028	useptr=003A:A028
	*baseptr=003A:0000	*useptr=003A:0000
	&baseptr=003A:FF3A	&useptr=3B4B:0DDA
MM_GetPtr
	baseptr=003B:A02A	useptr=003B:A02A
	*baseptr=003B:0000	*useptr=003B:0000
	&baseptr=003B:FF3A	&useptr=3B4B:0DE6
MM_GetPtr
	baseptr=003C:A02C	useptr=003C:A02C
	*baseptr=003C:0000	*useptr=003C:0000
	&baseptr=003C:FF3A	&useptr=3B4B:0DF2
MM_GetPtr
	baseptr=003D:A02E	useptr=003D:A02E
	*baseptr=003D:0000	*useptr=003D:0000
	&baseptr=003D:FF3A	&useptr=3B4B:0DFE
MM_GetPtr
	baseptr=003E:A030	useptr=003E:A030
	*baseptr=003E:0000	*useptr=003E:0000
	&baseptr=003E:FF3A	&useptr=3B4B:0E0A
MM_GetPtr
	baseptr=003F:A032	useptr=003F:A032
	*baseptr=003F:0000	*useptr=003F:0000
	&baseptr=003F:FF3A	&useptr=3B4B:0E16
MM_GetPtr
	baseptr=0040:A034	useptr=0040:A034
	*baseptr=0040:0000	*useptr=0040:0000
	&baseptr=0040:FF3A	&useptr=3B4B:0E22
MM_GetPtr
	baseptr=0041:A036	useptr=0041:A036
	*baseptr=0041:0000	*useptr=0041:0000
	&baseptr=0041:FF3A	&useptr=3B4B:0E2E
MM_GetPtr
	baseptr=0042:A038	useptr=0042:A038
	*baseptr=0042:0000	*useptr=0042:0000
	&baseptr=0042:FF3A	&useptr=3B4B:0E3A
MM_GetPtr
	baseptr=0043:A03A	useptr=0043:A03A
	*baseptr=0043:0000	*useptr=0043:0000
	&baseptr=0043:FF3A	&useptr=3B4B:0E46
MM_GetPtr
	baseptr=0044:A03C	useptr=0044:A03C
	*baseptr=0044:0000	*useptr=0044:0000
	&baseptr=0044:FF3A	&useptr=3B4B:0E52
MM_GetPtr
	baseptr=0045:A03E	useptr=0045:A03E
	*baseptr=0045:0000	*useptr=0045:0000
	&baseptr=0045:FF3A	&useptr=3B4B:0E5E
MM_GetPtr
	baseptr=0046:A040	useptr=0046:A040
	*baseptr=0046:0000	*useptr=0046:0000
	&baseptr=0046:FF3A	&useptr=3B4B:0E6A
MM_GetPtr
	baseptr=0047:A042	useptr=0047:A042
	*baseptr=0047:0000	*useptr=0047:0000
	&baseptr=0047:FF3A	&useptr=3B4B:0E76
MM_GetPtr
	baseptr=0048:A044	useptr=0048:A044
	*baseptr=0048:0000	*useptr=0048:0000
	&baseptr=0048:FF3A	&useptr=3B4B:0E82
MM_GetPtr
	baseptr=0049:A046	useptr=0049:A046
	*baseptr=0049:0000	*useptr=0049:0000
	&baseptr=0049:FF3A	&useptr=3B4B:0E8E
MM_GetPtr
	baseptr=004A:A048	useptr=004A:A048
	*baseptr=004A:0000	*useptr=004A:0000
	&baseptr=004A:FF3A	&useptr=3B4B:0E9A
MM_GetPtr
	baseptr=004B:A04A	useptr=004B:A04A
	*baseptr=004B:0000	*useptr=004B:0000
	&baseptr=004B:FF3A	&useptr=3B4B:0EA6
MM_GetPtr
	baseptr=004C:A04C	useptr=004C:A04C
	*baseptr=004C:0000	*useptr=004C:0000
	&baseptr=004C:FF3A	&useptr=3B4B:0EB2
MM_GetPtr
	baseptr=004D:A04E	useptr=004D:A04E
	*baseptr=004D:0000	*useptr=004D:0000
	&baseptr=004D:FF3A	&useptr=3B4B:0EBE
MM_GetPtr
	baseptr=004E:A050	useptr=004E:A050
	*baseptr=004E:0000	*useptr=004E:0000
	&baseptr=004E:FF3A	&useptr=3B4B:0ECA
MM_GetPtr
	baseptr=004F:A052	useptr=004F:A052
	*baseptr=004F:0000	*useptr=004F:0000
	&baseptr=004F:FF3A	&useptr=3B4B:0ED6
MM_GetPtr
	baseptr=0050:A054	useptr=0050:A054
	*baseptr=0050:0000	*useptr=0050:0000
	&baseptr=0050:FF3A	&useptr=3B4B:0EE2
MM_GetPtr
	baseptr=0051:A056	useptr=0051:A056
	*baseptr=0051:0000	*useptr=0051:0000
	&baseptr=0051:FF3A	&useptr=3B4B:0EEE
MM_GetPtr
	baseptr=0052:A058	useptr=0052:A058
	*baseptr=0052:0000	*useptr=0052:0000
	&baseptr=0052:FF3A	&useptr=3B4B:0EFA
MM_GetPtr
	baseptr=0053:A05A	useptr=0053:A05A
	*baseptr=0053:0000	*useptr=0053:0000
	&baseptr=0053:FF3A	&useptr=3B4B:0F06
MM_GetPtr
	baseptr=0054:A05C	useptr=0054:A05C
	*baseptr=0054:0000	*useptr=0054:0000
	&baseptr=0054:FF3A	&useptr=3B4B:0F12
MM_GetPtr
	baseptr=0055:A05E	useptr=0055:A05E
	*baseptr=0055:0000	*useptr=0055:0000
	&baseptr=0055:FF3A	&useptr=3B4B:0F1E
MM_GetPtr
	baseptr=0056:A060	useptr=0056:A060
	*baseptr=0056:0000	*useptr=0056:0000
	&baseptr=0056:FF3A	&useptr=3B4B:0F2A
MM_GetPtr
	baseptr=0000:FEE4	useptr=0000:FEE4
	*baseptr=0000:A000	*useptr=0000:A000
	&baseptr=0000:FED4	&useptr=3B4B:0F36
MM_GetPtr
	baseptr=0002:FEE4	useptr=0002:FEE4
	*baseptr=0002:0000	*useptr=0002:0000
	&baseptr=0002:FED4	&useptr=3B4B:0F36
MM_GetPtr
	baseptr=0056:FFA4	useptr=0056:FFA4
	*baseptr=0056:FFBC	*useptr=0056:FFBC
	&baseptr=0056:FF96	&useptr=3B4B:0B16
MM_GetPtr
	baseptr=0056:9CAC	useptr=0056:9CAC
	*baseptr=0056:0000	*useptr=0056:0000
	&baseptr=0056:FF84	&useptr=3B4B:0B0A
MM_GetPtr
	baseptr=4628:A116	useptr=4628:A116
	*baseptr=4628:0000	*useptr=4628:0000
	&baseptr=4628:FFA2	&useptr=3B4B:0B0A
MM_GetPtr
	baseptr=0000:E870	useptr=0000:E870
	*baseptr=0000:0000	*useptr=0000:0000
	&baseptr=0000:FFAA	&useptr=3B4B:0B16
MM_GetPtr
	baseptr=0001:E872	useptr=0001:E872
	*baseptr=0001:0000	*useptr=0001:0000
	&baseptr=0001:FFAA	&useptr=3B4B:0AFE
MM_GetPtr
	baseptr=0002:E874	useptr=0002:E874
	*baseptr=0002:0000	*useptr=0002:0000
	&baseptr=0002:FFAA	&useptr=3B4B:0AF2
MM_GetPtr
	baseptr=0003:E876	useptr=0003:E876
	*baseptr=0003:0000	*useptr=0003:0000
	&baseptr=0003:FFAA	&useptr=3B4B:0AE6
MM_GetPtr
	baseptr=0004:E878	useptr=0004:E878
	*baseptr=0004:0000	*useptr=0004:0000
	&baseptr=0004:FFAA	&useptr=3B4B:0ADA
MM_GetPtr
	baseptr=0005:E87A	useptr=0005:E87A
	*baseptr=0005:0000	*useptr=0005:0000
	&baseptr=0005:FFAA	&useptr=3B4B:0ACE
MM_GetPtr
	baseptr=0006:E87C	useptr=0006:E87C
	*baseptr=0006:0000	*useptr=0006:0000
	&baseptr=0006:FFAA	&useptr=3B4B:0AC2
MM_GetPtr
	baseptr=0007:E87E	useptr=0007:E87E
	*baseptr=0007:0000	*useptr=0007:0000
	&baseptr=0007:FFAA	&useptr=3B4B:0AB6
MM_GetPtr
	baseptr=0008:E880	useptr=0008:E880
	*baseptr=0008:0000	*useptr=0008:0000
	&baseptr=0008:FFAA	&useptr=3B4B:0AAA
MM_GetPtr
	baseptr=0009:E882	useptr=0009:E882
	*baseptr=0009:0000	*useptr=0009:0000
	&baseptr=0009:FFAA	&useptr=3B4B:0A9E
MM_GetPtr
	baseptr=000A:E884	useptr=000A:E884
	*baseptr=000A:0000	*useptr=000A:0000
	&baseptr=000A:FFAA	&useptr=3B4B:0A92
MM_GetPtr
	baseptr=000B:E886	useptr=000B:E886
	*baseptr=000B:0000	*useptr=000B:0000
	&baseptr=000B:FFAA	&useptr=3B4B:0A6E
MM_GetPtr
	baseptr=000C:E888	useptr=000C:E888
	*baseptr=000C:0000	*useptr=000C:0000
	&baseptr=000C:FFAA	&useptr=3B4B:0A86
MM_GetPtr
	baseptr=000D:E88A	useptr=000D:E88A
	*baseptr=000D:0000	*useptr=000D:0000
	&baseptr=000D:FFAA	&useptr=3B4B:0A7A
MM_GetPtr
	baseptr=000E:E88C	useptr=000E:E88C
	*baseptr=000E:0000	*useptr=000E:0000
	&baseptr=000E:FFAA	&useptr=3B4B:0A62
MM_GetPtr
	baseptr=000F:E88E	useptr=000F:E88E
	*baseptr=000F:0000	*useptr=000F:0000
	&baseptr=000F:FFAA	&useptr=3B4B:0A56
MM_GetPtr
	baseptr=0010:E890	useptr=0010:E890
	*baseptr=0010:0000	*useptr=0010:0000
	&baseptr=0010:FFAA	&useptr=3B4B:0A4A
MM_GetPtr
	baseptr=0011:E892	useptr=0011:E892
	*baseptr=0011:0000	*useptr=0011:0000
	&baseptr=0011:FFAA	&useptr=3B4B:0A3E
MM_GetPtr
	baseptr=0012:E894	useptr=0012:E894
	*baseptr=0012:0000	*useptr=0012:0000
	&baseptr=0012:FFAA	&useptr=3B4B:0A32
MM_GetPtr
	baseptr=0013:E896	useptr=0013:E896
	*baseptr=0013:0000	*useptr=0013:0000
	&baseptr=0013:FFAA	&useptr=3B4B:0A26
MM_GetPtr
	baseptr=0014:E898	useptr=0014:E898
	*baseptr=0014:0000	*useptr=0014:0000
	&baseptr=0014:FFAA	&useptr=3B4B:0A1A
MM_GetPtr
	baseptr=0015:E89A	useptr=0015:E89A
	*baseptr=0015:0000	*useptr=0015:0000
	&baseptr=0015:FFAA	&useptr=3B4B:0A0E
MM_GetPtr
	baseptr=0016:E89C	useptr=0016:E89C
	*baseptr=0016:0000	*useptr=0016:0000
	&baseptr=0016:FFAA	&useptr=3B4B:0A02
MM_GetPtr
	baseptr=0017:E89E	useptr=0017:E89E
	*baseptr=0017:0000	*useptr=0017:0000
	&baseptr=0017:FFAA	&useptr=3B4B:09F6
MM_GetPtr
	baseptr=0018:E8A0	useptr=0018:E8A0
	*baseptr=0018:0000	*useptr=0018:0000
	&baseptr=0018:FFAA	&useptr=3B4B:09EA
MM_GetPtr
	baseptr=0019:E8A2	useptr=0019:E8A2
	*baseptr=0019:0000	*useptr=0019:0000
	&baseptr=0019:FFAA	&useptr=3B4B:09DE
MM_GetPtr
	baseptr=001A:E8A4	useptr=001A:E8A4
	*baseptr=001A:0000	*useptr=001A:0000
	&baseptr=001A:FFAA	&useptr=3B4B:09D2
MM_GetPtr
	baseptr=001B:E8A6	useptr=001B:E8A6
	*baseptr=001B:0000	*useptr=001B:0000
	&baseptr=001B:FFAA	&useptr=3B4B:09C6
MM_GetPtr
	baseptr=001C:E8A8	useptr=001C:E8A8
	*baseptr=001C:0000	*useptr=001C:0000
	&baseptr=001C:FFAA	&useptr=3B4B:09BA
MM_GetPtr
	baseptr=001D:E8AA	useptr=001D:E8AA
	*baseptr=001D:0000	*useptr=001D:0000
	&baseptr=001D:FFAA	&useptr=3B4B:09AE
MM_GetPtr
	baseptr=001E:E8AC	useptr=001E:E8AC
	*baseptr=001E:0000	*useptr=001E:0000
	&baseptr=001E:FFAA	&useptr=3B4B:09A2
MM_GetPtr
	baseptr=001F:E8AE	useptr=001F:E8AE
	*baseptr=001F:0000	*useptr=001F:0000
	&baseptr=001F:FFAA	&useptr=3B4B:0996
MM_GetPtr
	baseptr=0020:E8B0	useptr=0020:E8B0
	*baseptr=0020:0000	*useptr=0020:0000
	&baseptr=0020:FFAA	&useptr=3B4B:0F36
MM_GetPtr
	baseptr=0021:E8B2	useptr=0021:E8B2
	*baseptr=0021:0000	*useptr=0021:0000
	&baseptr=0021:FFAA	&useptr=3B4B:0F42
MM_GetPtr
	baseptr=0022:E8B4	useptr=0022:E8B4
	*baseptr=0022:0000	*useptr=0022:0000
	&baseptr=0022:FFAA	&useptr=3B4B:0F4E
MM_GetPtr
	baseptr=0023:E8B6	useptr=0023:E8B6
	*baseptr=0023:0000	*useptr=0023:0000
	&baseptr=0023:FFAA	&useptr=3B4B:0F5A
MM_GetPtr
	baseptr=0024:E8B8	useptr=0024:E8B8
	*baseptr=0024:0000	*useptr=0024:0000
	&baseptr=0024:FFAA	&useptr=3B4B:0F66
MM_GetPtr
	baseptr=0025:E8BA	useptr=0025:E8BA
	*baseptr=0025:0000	*useptr=0025:0000
	&baseptr=0025:FFAA	&useptr=3B4B:0F72
MM_GetPtr
	baseptr=0026:E8BC	useptr=0026:E8BC
	*baseptr=0026:0000	*useptr=0026:0000
	&baseptr=0026:FFAA	&useptr=3B4B:0F7E
MM_GetPtr
	baseptr=0027:E8BE	useptr=0027:E8BE
	*baseptr=0027:0000	*useptr=0027:0000
	&baseptr=0027:FFAA	&useptr=3B4B:0F8A
MM_GetPtr
	baseptr=0028:E8C0	useptr=0028:E8C0
	*baseptr=0028:0000	*useptr=0028:0000
	&baseptr=0028:FFAA	&useptr=3B4B:0F96
MM_GetPtr
	baseptr=0029:E8C2	useptr=0029:E8C2
	*baseptr=0029:0000	*useptr=0029:0000
	&baseptr=0029:FFAA	&useptr=3B4B:0FA2
MM_GetPtr
	baseptr=002A:E8C4	useptr=002A:E8C4
	*baseptr=002A:0000	*useptr=002A:0000
	&baseptr=002A:FFAA	&useptr=3B4B:0FAE
MM_GetPtr
	baseptr=002B:E8C6	useptr=002B:E8C6
	*baseptr=002B:0000	*useptr=002B:0000
	&baseptr=002B:FFAA	&useptr=3B4B:0FBA
MM_GetPtr
	baseptr=002C:E8C8	useptr=002C:E8C8
	*baseptr=002C:0000	*useptr=002C:0000
	&baseptr=002C:FFAA	&useptr=3B4B:0FC6
MM_GetPtr
	baseptr=A3AC:A12C	useptr=A3AC:A12C
	*baseptr=A3AC:0000	*useptr=A3AC:0000
	&baseptr=A3AC:FF86	&useptr=3B4B:0FBA
MM_GetPtr
	baseptr=000A:9C14	useptr=000A:9C14
	*baseptr=000A:0000	*useptr=000A:0000
	&baseptr=000A:FF04	&useptr=3B4B:0F96
MM_GetPtr
	baseptr=000B:9C16	useptr=000B:9C16
	*baseptr=000B:0000	*useptr=000B:0000
	&baseptr=000B:FF04	&useptr=3B4B:0F8A
MM_GetPtr
	baseptr=000C:9C18	useptr=000C:9C18
	*baseptr=000C:0000	*useptr=000C:0000
	&baseptr=000C:FF04	&useptr=3B4B:0F7E
MM_GetPtr
	baseptr=000D:9C1A	useptr=000D:9C1A
	*baseptr=000D:0000	*useptr=000D:0000
	&baseptr=000D:FF04	&useptr=3B4B:0F72
MM_GetPtr
	baseptr=000E:9C1C	useptr=000E:9C1C
	*baseptr=000E:0000	*useptr=000E:0000
	&baseptr=000E:FF04	&useptr=3B4B:0F66
MM_GetPtr
	baseptr=000F:9C1E	useptr=000F:9C1E
	*baseptr=000F:0000	*useptr=000F:0000
	&baseptr=000F:FF04	&useptr=3B4B:0F5A
MM_GetPtr
	baseptr=0010:9C20	useptr=0010:9C20
	*baseptr=0010:0000	*useptr=0010:0000
	&baseptr=0010:FF04	&useptr=3B4B:0F4E
MM_GetPtr
	baseptr=0011:9C22	useptr=0011:9C22
	*baseptr=0011:0000	*useptr=0011:0000
	&baseptr=0011:FF04	&useptr=3B4B:0F42
MM_GetPtr
	baseptr=0012:9C24	useptr=0012:9C24
	*baseptr=0012:0000	*useptr=0012:0000
	&baseptr=0012:FF04	&useptr=3B4B:0F36
MM_GetPtr
	baseptr=0013:9C26	useptr=0013:9C26
	*baseptr=0013:0000	*useptr=0013:0000
	&baseptr=0013:FF04	&useptr=3B4B:0996
MM_GetPtr
	baseptr=0014:9C28	useptr=0014:9C28
	*baseptr=0014:0000	*useptr=0014:0000
	&baseptr=0014:FF04	&useptr=3B4B:09A2
MM_GetPtr
	baseptr=0015:9C2A	useptr=0015:9C2A
	*baseptr=0015:0000	*useptr=0015:0000
	&baseptr=0015:FF04	&useptr=3B4B:09AE
MM_GetPtr
	baseptr=0016:9C2C	useptr=0016:9C2C
	*baseptr=0016:0000	*useptr=0016:0000
	&baseptr=0016:FF04	&useptr=3B4B:09BA
MM_GetPtr
	baseptr=0017:9C2E	useptr=0017:9C2E
	*baseptr=0017:0000	*useptr=0017:0000
	&baseptr=0017:FF04	&useptr=3B4B:09C6
MM_GetPtr
	baseptr=0018:9C30	useptr=0018:9C30
	*baseptr=0018:0000	*useptr=0018:0000
	&baseptr=0018:FF04	&useptr=3B4B:09D2
MM_GetPtr
	baseptr=0019:9C32	useptr=0019:9C32
	*baseptr=0019:0000	*useptr=0019:0000
	&baseptr=0019:FF04	&useptr=3B4B:09DE
MM_GetPtr
	baseptr=001A:9C34	useptr=001A:9C34
	*baseptr=001A:0000	*useptr=001A:0000
	&baseptr=001A:FF04	&useptr=3B4B:09EA
MM_GetPtr
	baseptr=001B:9C36	useptr=001B:9C36
	*baseptr=001B:0000	*useptr=001B:0000
	&baseptr=001B:FF04	&useptr=3B4B:09F6
MM_GetPtr
	baseptr=001C:FF24	useptr=001C:FF24
	*baseptr=001C:192D	*useptr=001C:192D
	&baseptr=001C:FF16	&useptr=3B4B:0A02
MM_GetPtr
	baseptr=001C:9C38	useptr=001C:9C38
	*baseptr=001C:0000	*useptr=001C:0000
	&baseptr=001C:FF04	&useptr=3B4B:0A0E
MM_GetPtr
	baseptr=001D:FF24	useptr=001D:FF24
	*baseptr=001D:0000	*useptr=001D:0000
	&baseptr=001D:FF16	&useptr=3B4B:0A02
MM_GetPtr
	baseptr=001D:9C3A	useptr=001D:9C3A
	*baseptr=001D:0000	*useptr=001D:0000
	&baseptr=001D:FF04	&useptr=3B4B:0A1A
MM_GetPtr
	baseptr=001E:9C3C	useptr=001E:9C3C
	*baseptr=001E:0000	*useptr=001E:0000
	&baseptr=001E:FF04	&useptr=3B4B:0A02
MM_GetPtr
	baseptr=001F:9C3E	useptr=001F:9C3E
	*baseptr=001F:0000	*useptr=001F:0000
	&baseptr=001F:FF04	&useptr=3B4B:0A26
MM_GetPtr
	baseptr=0020:9C40	useptr=0020:9C40
	*baseptr=0020:0000	*useptr=0020:0000
	&baseptr=0020:FF04	&useptr=3B4B:0A32
MM_GetPtr
	baseptr=0021:9C42	useptr=0021:9C42
	*baseptr=0021:0000	*useptr=0021:0000
	&baseptr=0021:FF04	&useptr=3B4B:0A3E
MM_GetPtr
	baseptr=0022:9C44	useptr=0022:9C44
	*baseptr=0022:0000	*useptr=0022:0000
	&baseptr=0022:FF04	&useptr=3B4B:0A4A
MM_GetPtr
	baseptr=0023:9C46	useptr=0023:9C46
	*baseptr=0023:0000	*useptr=0023:0000
	&baseptr=0023:FF04	&useptr=3B4B:0A56
MM_GetPtr
	baseptr=0024:9C48	useptr=0024:9C48
	*baseptr=0024:0000	*useptr=0024:0000
	&baseptr=0024:FF04	&useptr=3B4B:0A62
MM_GetPtr
	baseptr=0025:9C4A	useptr=0025:9C4A
	*baseptr=0025:0000	*useptr=0025:0000
	&baseptr=0025:FF04	&useptr=3B4B:0A7A
MM_GetPtr
	baseptr=0026:9C4C	useptr=0026:9C4C
	*baseptr=0026:0000	*useptr=0026:0000
	&baseptr=0026:FF04	&useptr=3B4B:0A86
MM_GetPtr
	baseptr=0027:9C4E	useptr=0027:9C4E
	*baseptr=0027:0000	*useptr=0027:0000
	&baseptr=0027:FF04	&useptr=3B4B:0A6E
MM_GetPtr
	baseptr=0028:9C50	useptr=0028:9C50
	*baseptr=0028:0000	*useptr=0028:0000
	&baseptr=0028:FF04	&useptr=3B4B:0A92
MM_GetPtr
	baseptr=0029:9C52	useptr=0029:9C52
	*baseptr=0029:0000	*useptr=0029:0000
	&baseptr=0029:FF04	&useptr=3B4B:0A9E
MM_GetPtr
	baseptr=002A:9C54	useptr=002A:9C54
	*baseptr=002A:0000	*useptr=002A:0000
	&baseptr=002A:FF04	&useptr=3B4B:0AAA
MM_GetPtr
	baseptr=0056:FF92	useptr=0056:FF92
	*baseptr=0056:FFAA	*useptr=0056:FFAA
	&baseptr=0056:FF84	&useptr=3B4B:0AAA
MM_GetPtr
	baseptr=0056:9CAC	useptr=0056:9CAC
	*baseptr=0056:0000	*useptr=0056:0000
	&baseptr=0056:FF72	&useptr=3B4B:0A9E
MM_GetPtr
	baseptr=A3AC:A116	useptr=A3AC:A116
	*baseptr=A3AC:0000	*useptr=A3AC:0000
	&baseptr=A3AC:FF90	&useptr=3B4B:0A9E
MM_GetPtr
	baseptr=0000:E870	useptr=0000:E870
	*baseptr=0000:0000	*useptr=0000:0000
	&baseptr=0000:FF98	&useptr=3B4B:0AAA
MM_GetPtr
	baseptr=0001:E872	useptr=0001:E872
	*baseptr=0001:0000	*useptr=0001:0000
	&baseptr=0001:FF98	&useptr=3B4B:0A92
MM_GetPtr
	baseptr=0002:E874	useptr=0002:E874
	*baseptr=0002:0000	*useptr=0002:0000
	&baseptr=0002:FF98	&useptr=3B4B:0A6E
MM_GetPtr
	baseptr=0003:E876	useptr=0003:E876
	*baseptr=0003:0000	*useptr=0003:0000
	&baseptr=0003:FF98	&useptr=3B4B:0A86
MM_GetPtr
	baseptr=0004:E878	useptr=0004:E878
	*baseptr=0004:0000	*useptr=0004:0000
	&baseptr=0004:FF98	&useptr=3B4B:0A7A
MM_GetPtr
	baseptr=0005:E87A	useptr=0005:E87A
	*baseptr=0005:0000	*useptr=0005:0000
	&baseptr=0005:FF98	&useptr=3B4B:0A62
MM_GetPtr
	baseptr=0006:E87C	useptr=0006:E87C
	*baseptr=0006:0000	*useptr=0006:0000
	&baseptr=0006:FF98	&useptr=3B4B:0A56
MM_GetPtr
	baseptr=0007:E87E	useptr=0007:E87E
	*baseptr=0007:0000	*useptr=0007:0000
	&baseptr=0007:FF98	&useptr=3B4B:0A4A
MM_GetPtr
	baseptr=0008:E880	useptr=0008:E880
	*baseptr=0008:0000	*useptr=0008:0000
	&baseptr=0008:FF98	&useptr=3B4B:0A3E
MM_GetPtr
	baseptr=0009:E882	useptr=0009:E882
	*baseptr=0009:0000	*useptr=0009:0000
	&baseptr=0009:FF98	&useptr=3B4B:0A32
MM_GetPtr
	baseptr=000A:E884	useptr=000A:E884
	*baseptr=000A:0000	*useptr=000A:0000
	&baseptr=000A:FF98	&useptr=3B4B:0A26
MM_GetPtr
	baseptr=000B:E886	useptr=000B:E886
	*baseptr=000B:0000	*useptr=000B:0000
	&baseptr=000B:FF98	&useptr=3B4B:0A02
MM_GetPtr
	baseptr=000C:E888	useptr=000C:E888
	*baseptr=000C:0000	*useptr=000C:0000
	&baseptr=000C:FF98	&useptr=3B4B:0A1A
MM_GetPtr
	baseptr=000D:E88A	useptr=000D:E88A
	*baseptr=000D:0000	*useptr=000D:0000
	&baseptr=000D:FF98	&useptr=3B4B:0A0E
MM_GetPtr
	baseptr=000E:E88C	useptr=000E:E88C
	*baseptr=000E:0000	*useptr=000E:0000
	&baseptr=000E:FF98	&useptr=3B4B:09F6
MM_GetPtr
	baseptr=000F:E88E	useptr=000F:E88E
	*baseptr=000F:0000	*useptr=000F:0000
	&baseptr=000F:FF98	&useptr=3B4B:09EA
MM_GetPtr
	baseptr=0010:E890	useptr=0010:E890
	*baseptr=0010:0000	*useptr=0010:0000
	&baseptr=0010:FF98	&useptr=3B4B:09DE
MM_GetPtr
	baseptr=0011:E892	useptr=0011:E892
	*baseptr=0011:0000	*useptr=0011:0000
	&baseptr=0011:FF98	&useptr=3B4B:09D2
MM_GetPtr
	baseptr=0012:E894	useptr=0012:E894
	*baseptr=0012:0000	*useptr=0012:0000
	&baseptr=0012:FF98	&useptr=3B4B:09C6
MM_GetPtr
	baseptr=0013:E896	useptr=0013:E896
	*baseptr=0013:0000	*useptr=0013:0000
	&baseptr=0013:FF98	&useptr=3B4B:09BA
MM_GetPtr
	baseptr=0014:E898	useptr=0014:E898
	*baseptr=0014:0000	*useptr=0014:0000
	&baseptr=0014:FF98	&useptr=3B4B:09AE
MM_GetPtr
	baseptr=0015:E89A	useptr=0015:E89A
	*baseptr=0015:0000	*useptr=0015:0000
	&baseptr=0015:FF98	&useptr=3B4B:09A2
MM_GetPtr
	baseptr=0016:E89C	useptr=0016:E89C
	*baseptr=0016:0000	*useptr=0016:0000
	&baseptr=0016:FF98	&useptr=3B4B:0996
MM_GetPtr
	baseptr=0017:E89E	useptr=0017:E89E
	*baseptr=0017:0000	*useptr=0017:0000
	&baseptr=0017:FF98	&useptr=3B4B:0F36
MM_GetPtr
	baseptr=0018:E8A0	useptr=0018:E8A0
	*baseptr=0018:0000	*useptr=0018:0000
	&baseptr=0018:FF98	&useptr=3B4B:0F42
MM_GetPtr
	baseptr=0019:E8A2	useptr=0019:E8A2
	*baseptr=0019:0000	*useptr=0019:0000
	&baseptr=0019:FF98	&useptr=3B4B:0F4E
MM_GetPtr
	baseptr=001A:E8A4	useptr=001A:E8A4
	*baseptr=001A:0000	*useptr=001A:0000
	&baseptr=001A:FF98	&useptr=3B4B:0F5A
MM_GetPtr
	baseptr=001B:E8A6	useptr=001B:E8A6
	*baseptr=001B:0000	*useptr=001B:0000
	&baseptr=001B:FF98	&useptr=3B4B:0F66
MM_GetPtr
	baseptr=001C:E8A8	useptr=001C:E8A8
	*baseptr=001C:0000	*useptr=001C:0000
	&baseptr=001C:FF98	&useptr=3B4B:0F72
MM_GetPtr
	baseptr=001D:E8AA	useptr=001D:E8AA
	*baseptr=001D:0000	*useptr=001D:0000
	&baseptr=001D:FF98	&useptr=3B4B:0F7E
MM_GetPtr
	baseptr=001E:E8AC	useptr=001E:E8AC
	*baseptr=001E:0000	*useptr=001E:0000
	&baseptr=001E:FF98	&useptr=3B4B:0F8A
MM_GetPtr
	baseptr=001F:E8AE	useptr=001F:E8AE
	*baseptr=001F:0000	*useptr=001F:0000
	&baseptr=001F:FF98	&useptr=3B4B:0F96
MM_GetPtr
	baseptr=0020:E8B0	useptr=0020:E8B0
	*baseptr=0020:0000	*useptr=0020:0000
	&baseptr=0020:FF98	&useptr=3B4B:0AB6
MM_GetPtr
	baseptr=0021:E8B2	useptr=0021:E8B2
	*baseptr=0021:0000	*useptr=0021:0000
	&baseptr=0021:FF98	&useptr=3B4B:0AC2
MM_GetPtr
	baseptr=0022:E8B4	useptr=0022:E8B4
	*baseptr=0022:0000	*useptr=0022:0000
	&baseptr=0022:FF98	&useptr=3B4B:0ACE
MM_GetPtr
	baseptr=0023:E8B6	useptr=0023:E8B6
	*baseptr=0023:0000	*useptr=0023:0000
	&baseptr=0023:FF98	&useptr=3B4B:0ADA
MM_GetPtr
	baseptr=0024:E8B8	useptr=0024:E8B8
	*baseptr=0024:0000	*useptr=0024:0000
	&baseptr=0024:FF98	&useptr=3B4B:0AE6
MM_GetPtr
	baseptr=0025:E8BA	useptr=0025:E8BA
	*baseptr=0025:0000	*useptr=0025:0000
	&baseptr=0025:FF98	&useptr=3B4B:0AF2
MM_GetPtr
	baseptr=0026:E8BC	useptr=0026:E8BC
	*baseptr=0026:0000	*useptr=0026:0000
	&baseptr=0026:FF98	&useptr=3B4B:0AFE
MM_GetPtr
	baseptr=0027:E8BE	useptr=0027:E8BE
	*baseptr=0027:0000	*useptr=0027:0000
	&baseptr=0027:FF98	&useptr=3B4B:0B16
MM_GetPtr
	baseptr=0028:E8C0	useptr=0028:E8C0
	*baseptr=0028:0000	*useptr=0028:0000
	&baseptr=0028:FF98	&useptr=3B4B:0B0A
MM_GetPtr
	baseptr=0029:E8C2	useptr=0029:E8C2
	*baseptr=0029:0000	*useptr=0029:0000
	&baseptr=0029:FF98	&useptr=3B4B:0FAE
MM_GetPtr
	baseptr=002A:E8C4	useptr=002A:E8C4
	*baseptr=002A:0000	*useptr=002A:0000
	&baseptr=002A:FF98	&useptr=3B4B:0FA2
MM_GetPtr
	baseptr=002B:E8C6	useptr=002B:E8C6
	*baseptr=002B:0000	*useptr=002B:0000
	&baseptr=002B:FF98	&useptr=3B4B:049E
MM_GetPtr
	baseptr=002C:E8C8	useptr=002C:E8C8
	*baseptr=002C:0000	*useptr=002C:0000
	&baseptr=002C:FF98	&useptr=3B4B:0FD2
MM_GetPtr
	baseptr=0000:FF8C	useptr=0000:FF8C
	*baseptr=0000:000B	*useptr=0000:000B
	&baseptr=0000:FF7C	&useptr=3B4B:0FDE
MM_GetPtr
	baseptr=0002:FF8C	useptr=0002:FF8C
	*baseptr=0002:0000	*useptr=0002:0000
	&baseptr=0002:FF7C	&useptr=3B4B:0FDE
MM_GetPtr
	baseptr=002C:E8C8	useptr=002C:E8C8
	*baseptr=002C:0000	*useptr=002C:0000
	&baseptr=002C:FFAA	&useptr=3B4B:0FDE
MM_GetPtr
	baseptr=002D:E8CA	useptr=002D:E8CA
	*baseptr=002D:0000	*useptr=002D:0000
	&baseptr=002D:FFAA	&useptr=3B4B:0FBA
MM_GetPtr
	baseptr=002E:E8CC	useptr=002E:E8CC
	*baseptr=002E:0000	*useptr=002E:0000
	&baseptr=002E:FFAA	&useptr=3B4B:0FEA
MM_GetPtr
	baseptr=A3AC:A12C	useptr=A3AC:A12C
	*baseptr=A3AC:0000	*useptr=A3AC:0000
	&baseptr=A3AC:FF86	&useptr=3B4B:0FAE
MM_GetPtr
	baseptr=000A:9C14	useptr=000A:9C14
	*baseptr=000A:0000	*useptr=000A:0000
	&baseptr=000A:FF04	&useptr=3B4B:0B0A
MM_GetPtr
	baseptr=000B:9C16	useptr=000B:9C16
	*baseptr=000B:0000	*useptr=000B:0000
	&baseptr=000B:FF04	&useptr=3B4B:0B16
MM_GetPtr
	baseptr=000C:9C18	useptr=000C:9C18
	*baseptr=000C:0000	*useptr=000C:0000
	&baseptr=000C:FF04	&useptr=3B4B:0AFE
MM_GetPtr
	baseptr=000D:9C1A	useptr=000D:9C1A
	*baseptr=000D:0000	*useptr=000D:0000
	&baseptr=000D:FF04	&useptr=3B4B:0AF2
MM_GetPtr
	baseptr=000E:9C1C	useptr=000E:9C1C
	*baseptr=000E:0000	*useptr=000E:0000
	&baseptr=000E:FF04	&useptr=3B4B:0AE6
MM_GetPtr
	baseptr=000F:9C1E	useptr=000F:9C1E
	*baseptr=000F:0000	*useptr=000F:0000
	&baseptr=000F:FF04	&useptr=3B4B:0ADA
MM_GetPtr
	baseptr=0010:9C20	useptr=0010:9C20
	*baseptr=0010:0000	*useptr=0010:0000
	&baseptr=0010:FF04	&useptr=3B4B:0ACE
MM_GetPtr
	baseptr=0011:9C22	useptr=0011:9C22
	*baseptr=0011:0000	*useptr=0011:0000
	&baseptr=0011:FF04	&useptr=3B4B:0AC2
MM_GetPtr
	baseptr=0012:9C24	useptr=0012:9C24
	*baseptr=0012:0000	*useptr=0012:0000
	&baseptr=0012:FF04	&useptr=3B4B:0AB6
MM_GetPtr
	baseptr=0013:9C26	useptr=0013:9C26
	*baseptr=0013:0000	*useptr=0013:0000
	&baseptr=0013:FF04	&useptr=3B4B:0F96
MM_GetPtr
	baseptr=0014:9C28	useptr=0014:9C28
	*baseptr=0014:0000	*useptr=0014:0000
	&baseptr=0014:FF04	&useptr=3B4B:0F8A
MM_GetPtr
	baseptr=0015:9C2A	useptr=0015:9C2A
	*baseptr=0015:0000	*useptr=0015:0000
	&baseptr=0015:FF04	&useptr=3B4B:0F7E
MM_GetPtr
	baseptr=0016:9C2C	useptr=0016:9C2C
	*baseptr=0016:0000	*useptr=0016:0000
	&baseptr=0016:FF04	&useptr=3B4B:0F72
MM_GetPtr
	baseptr=0017:9C2E	useptr=0017:9C2E
	*baseptr=0017:0000	*useptr=0017:0000
	&baseptr=0017:FF04	&useptr=3B4B:0F66
MM_GetPtr
	baseptr=0018:9C30	useptr=0018:9C30
	*baseptr=0018:0000	*useptr=0018:0000
	&baseptr=0018:FF04	&useptr=3B4B:0F5A
MM_GetPtr
	baseptr=0019:9C32	useptr=0019:9C32
	*baseptr=0019:0000	*useptr=0019:0000
	&baseptr=0019:FF04	&useptr=3B4B:0F4E
MM_GetPtr
	baseptr=001A:9C34	useptr=001A:9C34
	*baseptr=001A:0000	*useptr=001A:0000
	&baseptr=001A:FF04	&useptr=3B4B:0F42
MM_GetPtr
	baseptr=001B:9C36	useptr=001B:9C36
	*baseptr=001B:0000	*useptr=001B:0000
	&baseptr=001B:FF04	&useptr=3B4B:0F36
MM_GetPtr
	baseptr=001C:FF24	useptr=001C:FF24
	*baseptr=001C:192D	*useptr=001C:192D
	&baseptr=001C:FF16	&useptr=3B4B:0996
MM_GetPtr
	baseptr=001C:9C38	useptr=001C:9C38
	*baseptr=001C:0000	*useptr=001C:0000
	&baseptr=001C:FF04	&useptr=3B4B:09A2
MM_GetPtr
	baseptr=001D:FF24	useptr=001D:FF24
	*baseptr=001D:0000	*useptr=001D:0000
	&baseptr=001D:FF16	&useptr=3B4B:0996
MM_GetPtr
	baseptr=001D:9C3A	useptr=001D:9C3A
	*baseptr=001D:0000	*useptr=001D:0000
	&baseptr=001D:FF04	&useptr=3B4B:09AE
MM_GetPtr
	baseptr=001E:9C3C	useptr=001E:9C3C
	*baseptr=001E:0000	*useptr=001E:0000
	&baseptr=001E:FF04	&useptr=3B4B:0996
MM_GetPtr
	baseptr=001F:9C3E	useptr=001F:9C3E
	*baseptr=001F:0000	*useptr=001F:0000
	&baseptr=001F:FF04	&useptr=3B4B:09BA
MM_GetPtr
	baseptr=0020:9C40	useptr=0020:9C40
	*baseptr=0020:0000	*useptr=0020:0000
	&baseptr=0020:FF04	&useptr=3B4B:09C6
MM_GetPtr
	baseptr=0021:9C42	useptr=0021:9C42
	*baseptr=0021:0000	*useptr=0021:0000
	&baseptr=0021:FF04	&useptr=3B4B:09D2
MM_GetPtr
	baseptr=0022:9C44	useptr=0022:9C44
	*baseptr=0022:0000	*useptr=0022:0000
	&baseptr=0022:FF04	&useptr=3B4B:09DE
MM_GetPtr
	baseptr=0023:9C46	useptr=0023:9C46
	*baseptr=0023:0000	*useptr=0023:0000
	&baseptr=0023:FF04	&useptr=3B4B:09EA
MM_GetPtr
	baseptr=0024:9C48	useptr=0024:9C48
	*baseptr=0024:0000	*useptr=0024:0000
	&baseptr=0024:FF04	&useptr=3B4B:09F6
MM_GetPtr
	baseptr=0025:9C4A	useptr=0025:9C4A
	*baseptr=0025:0000	*useptr=0025:0000
	&baseptr=0025:FF04	&useptr=3B4B:0A0E
MM_GetPtr
	baseptr=0026:9C4C	useptr=0026:9C4C
	*baseptr=0026:0000	*useptr=0026:0000
	&baseptr=0026:FF04	&useptr=3B4B:0A1A
MM_GetPtr
	baseptr=0027:9C4E	useptr=0027:9C4E
	*baseptr=0027:0000	*useptr=0027:0000
	&baseptr=0027:FF04	&useptr=3B4B:0A02
MM_GetPtr
	baseptr=0028:9C50	useptr=0028:9C50
	*baseptr=0028:0000	*useptr=0028:0000
	&baseptr=0028:FF04	&useptr=3B4B:0A26
MM_GetPtr
	baseptr=0029:9C52	useptr=0029:9C52
	*baseptr=0029:0000	*useptr=0029:0000
	&baseptr=0029:FF04	&useptr=3B4B:0A32
MM_GetPtr
	baseptr=002A:9C54	useptr=002A:9C54
	*baseptr=002A:0000	*useptr=002A:0000
	&baseptr=002A:FF04	&useptr=3B4B:0A3E
MM_GetPtr
	baseptr=0088:9D10	useptr=0088:9D10
	*baseptr=0088:0000	*useptr=0088:0000
	&baseptr=0088:FF62	&useptr=3B4B:0A4A
CalcHeight()
heightnumerator
211968	15360	828	0
a	6234
b	12
d	8734
d	8
ax	4
al	5
	nx	4
pee	172
gxt	gyt	nx	gx	gy
32633	-283013	315646	47851	386972
32633	0	44667	65531	53502
ch	26
compiled on Mar 15 2017  16:10:07
