src/id_ca.c(756): Warning! W120: lvalue cast is not standard C
src/id_ca.c(762): Warning! W120: lvalue cast is not standard C
src/id_ca.c(774): Warning! W120: lvalue cast is not standard C
src/id_ca.c(922): Error! E1011: Symbol 'repeat' has not been declared
src/id_ca.c(924): Error! E1011: Symbol 'next' has not been declared
src/id_ca.c(935): Error! E1011: Symbol 'sinorm' has not been declared
src/id_ca.c(951): Error! E1011: Symbol 'dinorm' has not been declared
src/id_ca.c(968): Error! E1011: Symbol 'expand' has not been declared
src/id_ca.c(971): Error! E1011: Symbol 'expand' has not been declared
src/id_ca.c(976): Warning! W118: Label 'dinorm' has been defined but not referenced
src/id_ca.c(976): Warning! W118: Label 'sinorm' has been defined but not referenced
src/id_ca.c(976): Warning! W118: Label 'next' has been defined but not referenced
src/id_ca.c(976): Warning! W118: Label 'repeat' has been defined but not referenced
src/id_ca.c(976): Warning! W118: Label 'expand' has been defined but not referenced
src/id_ca.c(1029): Warning! W120: lvalue cast is not standard C
src/id_ca.c(1059): Warning! W120: lvalue cast is not standard C
src/id_ca.c(1097): Warning! W120: lvalue cast is not standard C
src/id_ca.c(1134): Warning! W120: lvalue cast is not standard C
src/id_ca.c(1135): Warning! W120: lvalue cast is not standard C
src/id_ca.c(1145): Warning! W120: lvalue cast is not standard C
src/id_ca.c(1146): Warning! W120: lvalue cast is not standard C
src/id_ca.c(1180): Warning! W120: lvalue cast is not standard C
src/id_ca.c(1281): Warning! W120: lvalue cast is not standard C
src/id_ca.c(1296): Warning! W120: lvalue cast is not standard C
src/id_ca.c(1362): Warning! W120: lvalue cast is not standard C
src/id_ca.c(1588): Warning! W120: lvalue cast is not standard C
src/id_ca.c(1651): Warning! W120: lvalue cast is not standard C
src/id_ca.c(1742): Warning! W120: lvalue cast is not standard C
src/id_ca.c(1767): Warning! W120: lvalue cast is not standard C
