src/id_in.c(343): Warning! W112: Parameter 2: Pointer truncated
src/id_in.c(343): Note! I2003: source conversion type is 'unsigned int __far *'
src/id_in.c(343): Note! I2004: target conversion type is 'unsigned int *'
src/id_in.c(343): Warning! W112: Parameter 3: Pointer truncated
src/id_in.c(343): Note! I2003: source conversion type is 'unsigned int __far *'
src/id_in.c(343): Note! I2004: target conversion type is 'unsigned int *'
src/id_in.c(343): Note! I2002: 'IN_GetJoyAbs' defined in: src/id_in.c(247)
src/id_in.c(563): Warning! W112: Parameter 2: Pointer truncated
src/id_in.c(563): Note! I2003: source conversion type is 'unsigned int __far *'
src/id_in.c(563): Note! I2004: target conversion type is 'unsigned int *'
src/id_in.c(563): Warning! W112: Parameter 3: Pointer truncated
src/id_in.c(563): Note! I2003: source conversion type is 'unsigned int __far *'
src/id_in.c(563): Note! I2004: target conversion type is 'unsigned int *'
src/id_in.c(563): Note! I2002: 'IN_GetJoyAbs' defined in: src/id_in.c(247)
src/id_in.c(769): Warning! W112: Parameter 2: Pointer truncated
src/id_in.c(769): Note! I2003: source conversion type is 'int __far *'
src/id_in.c(769): Note! I2004: target conversion type is 'int *'
src/id_in.c(769): Warning! W112: Parameter 3: Pointer truncated
src/id_in.c(769): Note! I2003: source conversion type is 'int __far *'
src/id_in.c(769): Note! I2004: target conversion type is 'int *'
src/id_in.c(769): Note! I2002: 'INL_GetJoyDelta' defined in: src/id_in.c(336)
src/id_in.c(774): Warning! W112: Parameter 1: Pointer truncated
src/id_in.c(774): Note! I2003: source conversion type is 'int __far *'
src/id_in.c(774): Note! I2004: target conversion type is 'int *'
src/id_in.c(774): Warning! W112: Parameter 2: Pointer truncated
src/id_in.c(774): Note! I2003: source conversion type is 'int __far *'
src/id_in.c(774): Note! I2004: target conversion type is 'int *'
src/id_in.c(774): Note! I2002: 'INL_GetMouseDelta' defined in: src/id_in.c(218)
