wolfsrc/id_pm.c(44): Error! E1009: Expecting ',' but found '*'
wolfsrc/id_pm.c(44): Error! E1034: Symbol '_seg' already defined
wolfsrc/id_pm.c(44): Note! I2002: '_seg' defined in: wolfsrc/type.h(47)
wolfsrc/id_pm.c(44): Error! E1129: Type does not agree with previous definition of '_seg'
wolfsrc/id_pm.c(44): Note! I2002: '_seg' defined in: wolfsrc/type.h(47)
wolfsrc/id_pm.c(64): Error! E1011: Symbol 'asm' has not been declared
wolfsrc/id_pm.c(64): Error! E1009: Expecting ';' but found 'int'
wolfsrc/id_pm.c(64): Error! E1077: Missing '}'
wolfsrc/id_pm.c(64): Error! E1026: Invalid declarator
wolfsrc/id_pm.c(64): Error! E1009: Expecting ';' but found '0x67'
wolfsrc/id_pm.c(64): Error! E1061: Expecting data or function declaration, but found 'constant'
wolfsrc/id_pm.c(66): Error! E1026: Invalid declarator
wolfsrc/id_pm.c(66): Error! E1009: Expecting ';' but found 'if'
wolfsrc/id_pm.c(66): Error! E1099: Statement must be inside function. Probable cause: missing {
wolfsrc/id_pm.c(93): Error! E1011: Symbol 'asm' has not been declared
wolfsrc/id_pm.c(93): Error! E1009: Expecting ';' but found 'jnc'
wolfsrc/id_pm.c(93): Error! E1011: Symbol 'jnc' has not been declared
wolfsrc/id_pm.c(93): Error! E1009: Expecting ';' but found 'gothandle'
wolfsrc/id_pm.c(94): Error! E1011: Symbol 'gothandle' has not been declared
wolfsrc/id_pm.c(94): Error! E1009: Expecting ';' but found 'goto'
wolfsrc/id_pm.c(100): Error! E1009: Expecting ';' but found 'jnc'
wolfsrc/id_pm.c(100): Error! E1009: Expecting ';' but found 'gotinfo'
wolfsrc/id_pm.c(100): Error! E1011: Symbol 'gotinfo' has not been declared
wolfsrc/id_pm.c(104): Error! E1009: Expecting ';' but found 'and'
wolfsrc/id_pm.c(104): Error! E1011: Symbol 'and' has not been declared
wolfsrc/id_pm.c(104): Error! E1009: Expecting ';' but found 'dx'
wolfsrc/id_pm.c(104): Error! E1011: Symbol 'dx' has not been declared
wolfsrc/id_pm.c(105): Warning! W111: Meaningless use of an expression
wolfsrc/id_pm.c(105): Error! E1009: Expecting ';' but found 'if'
wolfsrc/id_pm.c(110): Error! E1009: Expecting ';' but found 'jc'
wolfsrc/id_pm.c(110): Error! E1011: Symbol 'jc' has not been declared
wolfsrc/id_pm.c(110): Error! E1009: Expecting ';' but found 'error'
wolfsrc/id_pm.c(111): Error! E1011: Symbol 'error' has not been declared
wolfsrc/id_pm.c(111): Error! E1009: Expecting ';' but found 'if'
wolfsrc/id_pm.c(166): Warning! W118: Label 'gotinfo' has been defined but not referenced
wolfsrc/id_pm.c(166): Warning! W118: Label 'gothandle' has been defined but not referenced
wolfsrc/id_pm.c(176): Error! E1011: Symbol 'asm' has not been declared
wolfsrc/id_pm.c(176): Error! E1009: Expecting ';' but found 'mov'
wolfsrc/id_pm.c(176): Error! E1011: Symbol 'mov' has not been declared
wolfsrc/id_pm.c(176): Error! E1009: Expecting ';' but found 'ah'
wolfsrc/id_pm.c(176): Error! E1011: Symbol 'ah' has not been declared
wolfsrc/id_pm.c(177): Warning! W111: Meaningless use of an expression
wolfsrc/id_pm.c(177): Error! E1009: Expecting ';' but found 'asm'
wolfsrc/id_pm.c(177): Error! E1009: Expecting ';' but found 'mov'
wolfsrc/id_pm.c(177): Error! E1009: Expecting ';' but found 'dx'
wolfsrc/id_pm.c(177): Error! E1011: Symbol 'dx' has not been declared
wolfsrc/id_pm.c(177): Error! E1063: Missing operand
wolfsrc/id_pm.c(177): Warning! W111: Meaningless use of an expression
wolfsrc/id_pm.c(177): Error! E1009: Expecting ';' but found ']'
wolfsrc/id_pm.c(177): Error! E1063: Missing operand
wolfsrc/id_pm.c(177): Warning! W111: Meaningless use of an expression
wolfsrc/id_pm.c(177): Error! E1009: Expecting ';' but found ']'
wolfsrc/id_pm.c(177): Error! E1063: Missing operand
wolfsrc/id_pm.c(177): Warning! W111: Meaningless use of an expression
wolfsrc/id_pm.c(177): Error! E1009: Expecting ';' but found ']'
wolfsrc/id_pm.c(177): Error! E1063: Missing operand
wolfsrc/id_pm.c(177): Warning! W111: Meaningless use of an expression
wolfsrc/id_pm.c(177): Error! E1009: Expecting ';' but found ']'
wolfsrc/id_pm.c(177): Error! E1063: Missing operand
wolfsrc/id_pm.c(177): Warning! W111: Meaningless use of an expression
wolfsrc/id_pm.c(177): Error! E1009: Expecting ';' but found ']'
wolfsrc/id_pm.c(177): Error! E1063: Missing operand
wolfsrc/id_pm.c(177): Warning! W111: Meaningless use of an expression
wolfsrc/id_pm.c(177): Error! E1009: Expecting ';' but found ']'
wolfsrc/id_pm.c(177): Error! E1063: Missing operand
wolfsrc/id_pm.c(177): Warning! W111: Meaningless use of an expression
wolfsrc/id_pm.c(177): Error! E1009: Expecting ';' but found ']'
wolfsrc/id_pm.c(177): Error! E1063: Missing operand
wolfsrc/id_pm.c(177): Warning! W111: Meaningless use of an expression
wolfsrc/id_pm.c(177): Error! E1009: Expecting ';' but found ']'
wolfsrc/id_pm.c(177): Error! E1063: Missing operand
wolfsrc/id_pm.c(177): Warning! W111: Meaningless use of an expression
wolfsrc/id_pm.c(177): Error! E1009: Expecting ';' but found ']'
wolfsrc/id_pm.c(177): Error! E1063: Missing operand
wolfsrc/id_pm.c(177): Warning! W111: Meaningless use of an expression
wolfsrc/id_pm.c(177): Error! E1009: Expecting ';' but found ']'
wolfsrc/id_pm.c(177): Error! E1063: Missing operand
wolfsrc/id_pm.c(177): Warning! W111: Meaningless use of an expression
wolfsrc/id_pm.c(177): Error! E1009: Expecting ';' but found ']'
wolfsrc/id_pm.c(177): Error! E1063: Missing operand
wolfsrc/id_pm.c(177): Warning! W111: Meaningless use of an expression
wolfsrc/id_pm.c(177): Error! E1009: Expecting ';' but found ']'
wolfsrc/id_pm.c(177): Error! E1063: Missing operand
wolfsrc/id_pm.c(177): Warning! W111: Meaningless use of an expression
wolfsrc/id_pm.c(177): Error! E1009: Expecting ';' but found ']'
wolfsrc/id_pm.c(177): Error! E1063: Missing operand
wolfsrc/id_pm.c(177): Warning! W111: Meaningless use of an expression
wolfsrc/id_pm.c(177): Error! E1009: Expecting ';' but found ']'
wolfsrc/id_pm.c(177): Error! E1063: Missing operand
wolfsrc/id_pm.c(177): Warning! W111: Meaningless use of an expression
wolfsrc/id_pm.c(177): Error! E1009: Expecting ';' but found ']'
wolfsrc/id_pm.c(177): Error! E1063: Missing operand
wolfsrc/id_pm.c(177): Warning! W111: Meaningless use of an expression
wolfsrc/id_pm.c(177): Error! E1009: Expecting ';' but found ']'
wolfsrc/id_pm.c(177): Error! E1063: Missing operand
wolfsrc/id_pm.c(177): Warning! W111: Meaningless use of an expression
wolfsrc/id_pm.c(177): Error! E1009: Expecting ';' but found ']'
wolfsrc/id_pm.c(177): Error! E1063: Missing operand
wolfsrc/id_pm.c(177): Warning! W111: Meaningless use of an expression
wolfsrc/id_pm.c(177): Error! E1009: Expecting ';' but found ']'
wolfsrc/id_pm.c(177): Error! E1063: Missing operand
wolfsrc/id_pm.c(177): Warning! W111: Meaningless use of an expression
wolfsrc/id_pm.c(177): Error! E1009: Expecting ';' but found ']'
wolfsrc/id_pm.c(177): Error! E1063: Missing operand
wolfsrc/id_pm.c(177): Warning! W111: Meaningless use of an expression
wolfsrc/id_pm.c(177): Error! E1009: Expecting ';' but found ']'
wolfsrc/id_pm.c(177): Error! E1063: Missing operand
wolfsrc/id_pm.c(177): Warning! W111: Meaningless use of an expression
wolfsrc/id_pm.c(177): Error! E1009: Expecting ';' but found ']'
wolfsrc/id_pm.c(177): Error! E1063: Missing operand
wolfsrc/id_pm.c(177): Warning! W111: Meaningless use of an expression
wolfsrc/id_pm.c(177): Error! E1009: Expecting ';' but found ']'
wolfsrc/id_pm.c(177): Error! E1063: Missing operand
wolfsrc/id_pm.c(177): Warning! W111: Meaningless use of an expression
wolfsrc/id_pm.c(177): Error! E1009: Expecting ';' but found ']'
wolfsrc/id_pm.c(177): Error! E1063: Missing operand
wolfsrc/id_pm.c(177): Warning! W111: Meaningless use of an expression
wolfsrc/id_pm.c(177): Error! E1009: Expecting ';' but found ']'
wolfsrc/id_pm.c(177): Error! E1063: Missing operand
wolfsrc/id_pm.c(177): Warning! W111: Meaningless use of an expression
wolfsrc/id_pm.c(177): Error! E1009: Expecting ';' but found ']'
wolfsrc/id_pm.c(177): Error! E1063: Missing operand
wolfsrc/id_pm.c(177): Warning! W111: Meaningless use of an expression
wolfsrc/id_pm.c(177): Error! E1009: Expecting ';' but found ']'
wolfsrc/id_pm.c(177): Error! E1063: Missing operand
wolfsrc/id_pm.c(177): Warning! W111: Meaningless use of an expression
wolfsrc/id_pm.c(177): Error! E1009: Expecting ';' but found ']'
wolfsrc/id_pm.c(177): Error! E1063: Missing operand
wolfsrc/id_pm.c(177): Warning! W111: Meaningless use of an expression
wolfsrc/id_pm.c(177): Error! E1009: Expecting ';' but found ']'
wolfsrc/id_pm.c(177): Error! E1063: Missing operand
wolfsrc/id_pm.c(177): Warning! W111: Meaningless use of an expression
wolfsrc/id_pm.c(177): Error! E1009: Expecting ';' but found ']'
wolfsrc/id_pm.c(177): Error! E1063: Missing operand
wolfsrc/id_pm.c(177): Warning! W111: Meaningless use of an expression
wolfsrc/id_pm.c(177): Error! E1009: Expecting ';' but found ']'
wolfsrc/id_pm.c(177): Error! E1063: Missing operand
wolfsrc/id_pm.c(177): Warning! W111: Meaningless use of an expression
wolfsrc/id_pm.c(177): Error! E1009: Expecting ';' but found ']'
wolfsrc/id_pm.c(177): Error! E1063: Missing operand
wolfsrc/id_pm.c(177): Warning! W111: Meaningless use of an expression
wolfsrc/id_pm.c(177): Error! E1009: Expecting ';' but found ']'
wolfsrc/id_pm.c(177): Error! E1063: Missing operand
wolfsrc/id_pm.c(177): Warning! W111: Meaningless use of an expression
wolfsrc/id_pm.c(177): Error! E1009: Expecting ';' but found ']'
wolfsrc/id_pm.c(177): Error! E1063: Missing operand
wolfsrc/id_pm.c(177): Warning! W111: Meaningless use of an expression
wolfsrc/id_pm.c(177): Error! E1009: Expecting ';' but found ']'
wolfsrc/id_pm.c(177): Error! E1063: Missing operand
wolfsrc/id_pm.c(177): Warning! W111: Meaningless use of an expression
wolfsrc/id_pm.c(177): Error! E1009: Expecting ';' but found ']'
wolfsrc/id_pm.c(177): Error! E1063: Missing operand
wolfsrc/id_pm.c(177): Warning! W111: Meaningless use of an expression
wolfsrc/id_pm.c(177): Error! E1009: Expecting ';' but found ']'
wolfsrc/id_pm.c(177): Error! E1063: Missing operand
wolfsrc/id_pm.c(177): Warning! W111: Meaningless use of an expression
wolfsrc/id_pm.c(177): Error! E1009: Expecting ';' but found ']'
wolfsrc/id_pm.c(177): Error! E1063: Missing operand
wolfsrc/id_pm.c(177): Warning! W111: Meaningless use of an expression
wolfsrc/id_pm.c(177): Error! E1009: Expecting ';' but found ']'
wolfsrc/id_pm.c(177): Error! E1063: Missing operand
wolfsrc/id_pm.c(177): Warning! W111: Meaningless use of an expression
wolfsrc/id_pm.c(177): Error! E1009: Expecting ';' but found ']'
wolfsrc/id_pm.c(177): Error! E1063: Missing operand
wolfsrc/id_pm.c(177): Warning! W111: Meaningless use of an expression
wolfsrc/id_pm.c(177): Error! E1009: Expecting ';' but found ']'
wolfsrc/id_pm.c(177): Error! E1063: Missing operand
wolfsrc/id_pm.c(177): Warning! W111: Meaningless use of an expression
wolfsrc/id_pm.c(177): Error! E1009: Expecting ';' but found ']'
wolfsrc/id_pm.c(177): Error! E1063: Missing operand
wolfsrc/id_pm.c(177): Warning! W111: Meaningless use of an expression
wolfsrc/id_pm.c(177): Error! E1009: Expecting ';' but found ']'
wolfsrc/id_pm.c(177): Error! E1063: Missing operand
wolfsrc/id_pm.c(177): Warning! W111: Meaningless use of an expression
wolfsrc/id_pm.c(177): Error! E1009: Expecting ';' but found ']'
wolfsrc/id_pm.c(177): Error! E1063: Missing operand
wolfsrc/id_pm.c(177): Warning! W111: Meaningless use of an expression
wolfsrc/id_pm.c(177): Error! E1009: Expecting ';' but found ']'
wolfsrc/id_pm.c(177): Error! E1063: Missing operand
wolfsrc/id_pm.c(177): Warning! W111: Meaningless use of an expression
wolfsrc/id_pm.c(177): Error! E1009: Expecting ';' but found ']'
wolfsrc/id_pm.c(177): Error! E1063: Missing operand
wolfsrc/id_pm.c(177): Warning! W111: Meaningless use of an expression
wolfsrc/id_pm.c(177): Error! E1009: Expecting ';' but found ']'
wolfsrc/id_pm.c(177): Error! E1063: Missing operand
wolfsrc/id_pm.c(177): Warning! W111: Meaningless use of an expression
wolfsrc/id_pm.c(177): Error! E1009: Expecting ';' but found ']'
wolfsrc/id_pm.c(177): Error! E1063: Missing operand
wolfsrc/id_pm.c(177): Warning! W111: Meaningless use of an expression
wolfsrc/id_pm.c(177): Error! E1009: Expecting ';' but found ']'
wolfsrc/id_pm.c(177): Error! E1063: Missing operand
wolfsrc/id_pm.c(177): Warning! W111: Meaningless use of an expression
wolfsrc/id_pm.c(177): Error! E1009: Expecting ';' but found ']'
wolfsrc/id_pm.c(177): Error! E1063: Missing operand
wolfsrc/id_pm.c(177): Warning! W111: Meaningless use of an expression
wolfsrc/id_pm.c(177): Error! E1009: Expecting ';' but found ']'
wolfsrc/id_pm.c(177): Error! E1063: Missing operand
wolfsrc/id_pm.c(177): Warning! W111: Meaningless use of an expression
wolfsrc/id_pm.c(177): Error! E1009: Expecting ';' but found ']'
wolfsrc/id_pm.c(177): Error! E1063: Missing operand
wolfsrc/id_pm.c(177): Warning! W111: Meaningless use of an expression
wolfsrc/id_pm.c(177): Error! E1009: Expecting ';' but found ']'
wolfsrc/id_pm.c(177): Error! E1063: Missing operand
wolfsrc/id_pm.c(177): Warning! W111: Meaningless use of an expression
wolfsrc/id_pm.c(177): Error! E1009: Expecting ';' but found ']'
wolfsrc/id_pm.c(177): Error! E1063: Missing operand
wolfsrc/id_pm.c(177): Warning! W111: Meaningless use of an expression
wolfsrc/id_pm.c(177): Error! E1009: Expecting ';' but found ']'
wolfsrc/id_pm.c(177): Error! E1063: Missing operand
wolfsrc/id_pm.c(177): Warning! W111: Meaningless use of an expression
wolfsrc/id_pm.c(177): Error! E1009: Expecting ';' but found ']'
wolfsrc/id_pm.c(177): Error! E1063: Missing operand
wolfsrc/id_pm.c(177): Warning! W111: Meaningless use of an expression
wolfsrc/id_pm.c(177): Error! E1009: Expecting ';' but found ']'
wolfsrc/id_pm.c(177): Error! E1063: Missing operand
wolfsrc/id_pm.c(177): Warning! W111: Meaningless use of an expression
wolfsrc/id_pm.c(177): Error! E1009: Expecting ';' but found ']'
wolfsrc/id_pm.c(177): Error! E1063: Missing operand
wolfsrc/id_pm.c(177): Warning! W111: Meaningless use of an expression
wolfsrc/id_pm.c(177): Error! E1009: Expecting ';' but found ']'
wolfsrc/id_pm.c(177): Error! E1063: Missing operand
wolfsrc/id_pm.c(177): Warning! W111: Meaningless use of an expression
wolfsrc/id_pm.c(177): Error! E1009: Expecting ';' but found ']'
wolfsrc/id_pm.c(177): Error! E1063: Missing operand
wolfsrc/id_pm.c(177): Warning! W111: Meaningless use of an expression
wolfsrc/id_pm.c(177): Error! E1009: Expecting ';' but found ']'
wolfsrc/id_pm.c(177): Error! E1063: Missing operand
wolfsrc/id_pm.c(177): Warning! W111: Meaningless use of an expression
wolfsrc/id_pm.c(177): Error! E1009: Expecting ';' but found ']'
wolfsrc/id_pm.c(177): Error! E1063: Missing operand
wolfsrc/id_pm.c(177): Warning! W111: Meaningless use of an expression
wolfsrc/id_pm.c(177): Error! E1009: Expecting ';' but found ']'
wolfsrc/id_pm.c(177): Error! E1063: Missing operand
wolfsrc/id_pm.c(177): Warning! W111: Meaningless use of an expression
wolfsrc/id_pm.c(177): Error! E1009: Expecting ';' but found ']'
wolfsrc/id_pm.c(177): Error! E1063: Missing operand
wolfsrc/id_pm.c(177): Warning! W111: Meaningless use of an expression
wolfsrc/id_pm.c(177): Error! E1009: Expecting ';' but found ']'
wolfsrc/id_pm.c(177): Error! E1063: Missing operand
wolfsrc/id_pm.c(177): Warning! W111: Meaningless use of an expression
wolfsrc/id_pm.c(177): Error! E1009: Expecting ';' but found ']'
wolfsrc/id_pm.c(177): Error! E1063: Missing operand
wolfsrc/id_pm.c(177): Warning! W111: Meaningless use of an expression
wolfsrc/id_pm.c(177): Error! E1009: Expecting ';' but found ']'
wolfsrc/id_pm.c(177): Error! E1063: Missing operand
wolfsrc/id_pm.c(177): Warning! W111: Meaningless use of an expression
wolfsrc/id_pm.c(177): Error! E1009: Expecting ';' but found ']'
wolfsrc/id_pm.c(177): Error! E1063: Missing operand
wolfsrc/id_pm.c(177): Warning! W111: Meaningless use of an expression
wolfsrc/id_pm.c(177): Error! E1009: Expecting ';' but found ']'
wolfsrc/id_pm.c(177): Error! E1063: Missing operand
wolfsrc/id_pm.c(177): Warning! W111: Meaningless use of an expression
wolfsrc/id_pm.c(177): Error! E1009: Expecting ';' but found ']'
wolfsrc/id_pm.c(177): Error! E1063: Missing operand
wolfsrc/id_pm.c(177): Warning! W111: Meaningless use of an expression
wolfsrc/id_pm.c(177): Error! E1009: Expecting ';' but found ']'
wolfsrc/id_pm.c(177): Error! E1063: Missing operand
wolfsrc/id_pm.c(177): Warning! W111: Meaningless use of an expression
wolfsrc/id_pm.c(177): Error! E1009: Expecting ';' but found ']'
wolfsrc/id_pm.c(177): Error! E1063: Missing operand
wolfsrc/id_pm.c(177): Warning! W111: Meaningless use of an expression
wolfsrc/id_pm.c(177): Error! E1009: Expecting ';' but found ']'
wolfsrc/id_pm.c(177): Error! E1063: Missing operand
wolfsrc/id_pm.c(177): Warning! W111: Meaningless use of an expression
wolfsrc/id_pm.c(177): Error! E1009: Expecting ';' but found ']'
wolfsrc/id_pm.c(177): Error! E1063: Missing operand
wolfsrc/id_pm.c(177): Warning! W111: Meaningless use of an expression
wolfsrc/id_pm.c(177): Error! E1009: Expecting ';' but found ']'
wolfsrc/id_pm.c(177): Error! E1063: Missing operand
wolfsrc/id_pm.c(177): Warning! W111: Meaningless use of an expression
wolfsrc/id_pm.c(177): Error! E1009: Expecting ';' but found ']'
wolfsrc/id_pm.c(177): Error! E1063: Missing operand
wolfsrc/id_pm.c(177): Warning! W111: Meaningless use of an expression
wolfsrc/id_pm.c(177): Error! E1009: Expecting ';' but found ']'
wolfsrc/id_pm.c(177): Error! E1063: Missing operand
wolfsrc/id_pm.c(177): Warning! W111: Meaningless use of an expression
wolfsrc/id_pm.c(177): Error! E1009: Expecting ';' but found ']'
wolfsrc/id_pm.c(177): Error! E1063: Missing operand
wolfsrc/id_pm.c(177): Warning! W111: Meaningless use of an expression
wolfsrc/id_pm.c(177): Error! E1009: Expecting ';' but found ']'
wolfsrc/id_pm.c(177): Error! E1063: Missing operand
wolfsrc/id_pm.c(177): Warning! W111: Meaningless use of an expression
wolfsrc/id_pm.c(177): Error! E1009: Expecting ';' but found ']'
wolfsrc/id_pm.c(177): Error! E1063: Missing operand
wolfsrc/id_pm.c(177): Warning! W111: Meaningless use of an expression
wolfsrc/id_pm.c(177): Error! E1009: Expecting ';' but found ']'
wolfsrc/id_pm.c(177): Error! E1063: Missing operand
wolfsrc/id_pm.c(177): Warning! W111: Meaningless use of an expression
wolfsrc/id_pm.c(177): Error! E1009: Expecting ';' but found ']'
wolfsrc/id_pm.c(177): Error! E1063: Missing operand
wolfsrc/id_pm.c(177): Warning! W111: Meaningless use of an expression
wolfsrc/id_pm.c(177): Error! E1009: Expecting ';' but found ']'
wolfsrc/id_pm.c(177): Error! E1063: Missing operand
wolfsrc/id_pm.c(177): Warning! W111: Meaningless use of an expression
wolfsrc/id_pm.c(177): Error! E1009: Expecting ';' but found ']'
wolfsrc/id_pm.c(177): Error! E1063: Missing operand
wolfsrc/id_pm.c(177): Warning! W111: Meaningless use of an expression
wolfsrc/id_pm.c(177): Error! E1009: Expecting ';' but found ']'
wolfsrc/id_pm.c(177): Error! E1063: Missing operand
wolfsrc/id_pm.c(177): Warning! W111: Meaningless use of an expression
wolfsrc/id_pm.c(177): Error! E1009: Expecting ';' but found ']'
wolfsrc/id_pm.c(177): Error! E1063: Missing operand
wolfsrc/id_pm.c(177): Warning! W111: Meaningless use of an expression
wolfsrc/id_pm.c(177): Error! E1009: Expecting ';' but found ']'
wolfsrc/id_pm.c(177): Error! E1063: Missing operand
wolfsrc/id_pm.c(177): Warning! W111: Meaningless use of an expression
wolfsrc/id_pm.c(177): Error! E1009: Expecting ';' but found ']'
wolfsrc/id_pm.c(177): Error! E1063: Missing operand
wolfsrc/id_pm.c(177): Warning! W111: Meaningless use of an expression
wolfsrc/id_pm.c(177): Error! E1009: Expecting ';' but found ']'
wolfsrc/id_pm.c(177): Error! E1063: Missing operand
wolfsrc/id_pm.c(177): Warning! W111: Meaningless use of an expression
wolfsrc/id_pm.c(177): Error! E1009: Expecting ';' but found ']'
wolfsrc/id_pm.c(177): Error! E1063: Missing operand
wolfsrc/id_pm.c(177): Warning! W111: Meaningless use of an expression
wolfsrc/id_pm.c(177): Error! E1009: Expecting ';' but found ']'
wolfsrc/id_pm.c(177): Error! E1063: Missing operand
wolfsrc/id_pm.c(177): Warning! W111: Meaningless use of an expression
wolfsrc/id_pm.c(177): Error! E1009: Expecting ';' but found ']'
wolfsrc/id_pm.c(177): Error! E1063: Missing operand
wolfsrc/id_pm.c(177): Warning! W111: Meaningless use of an expression
wolfsrc/id_pm.c(177): Error! E1009: Expecting ';' but found ']'
wolfsrc/id_pm.c(177): Error! E1063: Missing operand
wolfsrc/id_pm.c(177): Warning! W111: Meaningless use of an expression
wolfsrc/id_pm.c(177): Error! E1009: Expecting ';' but found ']'
wolfsrc/id_pm.c(177): Error! E1063: Missing operand
wolfsrc/id_pm.c(177): Warning! W111: Meaningless use of an expression
wolfsrc/id_pm.c(177): Error! E1009: Expecting ';' but found ']'
wolfsrc/id_pm.c(177): Error! E1063: Missing operand
wolfsrc/id_pm.c(177): Warning! W111: Meaningless use of an expression
wolfsrc/id_pm.c(177): Error! E1009: Expecting ';' but found ']'
wolfsrc/id_pm.c(177): Error! E1063: Missing operand
wolfsrc/id_pm.c(177): Warning! W111: Meaningless use of an expression
wolfsrc/id_pm.c(177): Error! E1009: Expecting ';' but found ']'
wolfsrc/id_pm.c(177): Error! E1063: Missing operand
wolfsrc/id_pm.c(177): Warning! W111: Meaningless use of an expression
wolfsrc/id_pm.c(177): Error! E1009: Expecting ';' but found ']'
wolfsrc/id_pm.c(177): Error! E1063: Missing operand
wolfsrc/id_pm.c(177): Warning! W111: Meaningless use of an expression
wolfsrc/id_pm.c(177): Error! E1009: Expecting ';' but found ']'
wolfsrc/id_pm.c(177): Error! E1063: Missing operand
wolfsrc/id_pm.c(177): Warning! W111: Meaningless use of an expression
wolfsrc/id_pm.c(177): Error! E1009: Expecting ';' but found ']'
wolfsrc/id_pm.c(177): Error! E1063: Missing operand
wolfsrc/id_pm.c(177): Warning! W111: Meaningless use of an expression
wolfsrc/id_pm.c(177): Error! E1009: Expecting ';' but found ']'
wolfsrc/id_pm.c(177): Error! E1063: Missing operand
wolfsrc/id_pm.c(177): Warning! W111: Meaningless use of an expression
wolfsrc/id_pm.c(177): Error! E1009: Expecting ';' but found ']'
wolfsrc/id_pm.c(177): Error! E1063: Missing operand
wolfsrc/id_pm.c(177): Warning! W111: Meaningless use of an expression
wolfsrc/id_pm.c(177): Error! E1009: Expecting ';' but found ']'
wolfsrc/id_pm.c(177): Error! E1063: Missing operand
wolfsrc/id_pm.c(177): Warning! W111: Meaningless use of an expression
wolfsrc/id_pm.c(177): Error! E1009: Expecting ';' but found ']'
wolfsrc/id_pm.c(177): Error! E1063: Missing operand
wolfsrc/id_pm.c(177): Warning! W111: Meaningless use of an expression
wolfsrc/id_pm.c(177): Error! E1009: Expecting ';' but found ']'
wolfsrc/id_pm.c(177): Error! E1063: Missing operand
wolfsrc/id_pm.c(177): Warning! W111: Meaningless use of an expression
wolfsrc/id_pm.c(177): Error! E1009: Expecting ';' but found ']'
wolfsrc/id_pm.c(177): Error! E1063: Missing operand
wolfsrc/id_pm.c(177): Warning! W111: Meaningless use of an expression
wolfsrc/id_pm.c(177): Error! E1009: Expecting ';' but found ']'
wolfsrc/id_pm.c(177): Error! E1063: Missing operand
wolfsrc/id_pm.c(177): Warning! W111: Meaningless use of an expression
wolfsrc/id_pm.c(177): Error! E1009: Expecting ';' but found ']'
wolfsrc/id_pm.c(177): Error! E1063: Missing operand
wolfsrc/id_pm.c(177): Warning! W111: Meaningless use of an expression
wolfsrc/id_pm.c(177): Error! E1009: Expecting ';' but found ']'
wolfsrc/id_pm.c(177): Error! E1147: Too many errors: compilation aborted
