src/wl_act2.c(270): Warning! W202: Symbol 'deltay' has been defined, but not referenced
src/wl_act2.c(270): Warning! W202: Symbol 'deltax' has been defined, but not referenced
src/wl_act2.c(938): Warning! W202: Symbol 'map' has been defined, but not referenced
src/wl_act2.c(938): Warning! W202: Symbol 'tile' has been defined, but not referenced
src/wl_act2.c(961): Warning! W202: Symbol 'map' has been defined, but not referenced
src/wl_act2.c(961): Warning! W202: Symbol 'tile' has been defined, but not referenced
src/wl_act2.c(1996): Warning! W202: Symbol 'map' has been defined, but not referenced
src/wl_act2.c(1996): Warning! W202: Symbol 'tile' has been defined, but not referenced
src/wl_act2.c(2214): Warning! W202: Symbol 'map' has been defined, but not referenced
src/wl_act2.c(2214): Warning! W202: Symbol 'tile' has been defined, but not referenced
src/wl_act2.c(2243): Warning! W202: Symbol 'map' has been defined, but not referenced
src/wl_act2.c(2243): Warning! W202: Symbol 'tile' has been defined, but not referenced
src/wl_act2.c(2272): Warning! W202: Symbol 'map' has been defined, but not referenced
src/wl_act2.c(2272): Warning! W202: Symbol 'tile' has been defined, but not referenced
src/wl_act2.c(2828): Warning! W202: Symbol 'map' has been defined, but not referenced
src/wl_act2.c(2828): Warning! W202: Symbol 'tile' has been defined, but not referenced
src/wl_act2.c(2858): Warning! W202: Symbol 'map' has been defined, but not referenced
src/wl_act2.c(2858): Warning! W202: Symbol 'tile' has been defined, but not referenced
src/wl_act2.c(2888): Warning! W202: Symbol 'map' has been defined, but not referenced
src/wl_act2.c(2888): Warning! W202: Symbol 'tile' has been defined, but not referenced
src/wl_act2.c(2977): Warning! W202: Symbol 'dist' has been defined, but not referenced
src/wl_act2.c(2978): Warning! W202: Symbol 'dodge' has been defined, but not referenced
src/wl_act2.c(2977): Warning! W202: Symbol 'dy' has been defined, but not referenced
src/wl_act2.c(2977): Warning! W202: Symbol 'dx' has been defined, but not referenced
src/wl_act2.c(3260): Warning! W202: Symbol 'dist' has been defined, but not referenced
src/wl_act2.c(3260): Warning! W202: Symbol 'chance' has been defined, but not referenced
src/wl_act2.c(3370): Warning! W202: Symbol 'deltay' has been defined, but not referenced
src/wl_act2.c(3370): Warning! W202: Symbol 'deltax' has been defined, but not referenced
src/wl_act2.c(3370): Warning! W202: Symbol 'size' has been defined, but not referenced
src/wl_act2.c(3533): Warning! W202: Symbol 'damage' has been defined, but not referenced
src/wl_act2.c(3533): Warning! W202: Symbol 'hitchance' has been defined, but not referenced
src/wl_act2.c(3623): Warning! W202: Symbol 'map' has been defined, but not referenced
src/wl_act2.c(3623): Warning! W202: Symbol 'tile' has been defined, but not referenced
src/type.h(6): Warning! W202: Symbol 'CPURegs' has been defined, but not referenced
