wolfsrc/ID_MM.H(58): Error! E1009: Expecting ',' but found '*'
wolfsrc/ID_MM.H(96): Warning! W138: No newline at end of file
wolfsrc/ID_CA.H(23): Error! E1009: Expecting ',' but found '*'
wolfsrc/ID_CA.H(23): Error! E1034: Symbol '_seg' already defined
wolfsrc/ID_CA.H(23): Note! I2002: '_seg' defined in: wolfsrc/ID_MM.H(58)
wolfsrc/ID_CA.H(23): Error! E1129: Type does not agree with previous definition of '_seg'
wolfsrc/ID_CA.H(23): Note! I2002: '_seg' defined in: wolfsrc/ID_MM.H(58)
wolfsrc/ID_CA.H(26): Error! E1009: Expecting ',' but found '*'
wolfsrc/ID_CA.H(26): Error! E1034: Symbol '_seg' already defined
wolfsrc/ID_CA.H(26): Note! I2002: '_seg' defined in: wolfsrc/ID_MM.H(58)
wolfsrc/ID_CA.H(26): Error! E1129: Type does not agree with previous definition of '_seg'
wolfsrc/ID_CA.H(26): Note! I2002: '_seg' defined in: wolfsrc/ID_MM.H(58)
wolfsrc/ID_CA.H(27): Error! E1009: Expecting ',' but found '*'
wolfsrc/ID_CA.H(27): Error! E1034: Symbol '_seg' already defined
wolfsrc/ID_CA.H(27): Note! I2002: '_seg' defined in: wolfsrc/ID_MM.H(58)
wolfsrc/ID_CA.H(27): Error! E1129: Type does not agree with previous definition of '_seg'
wolfsrc/ID_CA.H(27): Note! I2002: '_seg' defined in: wolfsrc/ID_MM.H(58)
wolfsrc/ID_CA.H(28): Error! E1009: Expecting ',' but found '*'
wolfsrc/ID_CA.H(28): Error! E1034: Symbol '_seg' already defined
wolfsrc/ID_CA.H(28): Note! I2002: '_seg' defined in: wolfsrc/ID_MM.H(58)
wolfsrc/ID_CA.H(28): Error! E1129: Type does not agree with previous definition of '_seg'
wolfsrc/ID_CA.H(28): Note! I2002: '_seg' defined in: wolfsrc/ID_MM.H(58)
wolfsrc/ID_CA.H(29): Error! E1009: Expecting ',' but found '*'
wolfsrc/ID_CA.H(29): Error! E1034: Symbol '_seg' already defined
wolfsrc/ID_CA.H(29): Note! I2002: '_seg' defined in: wolfsrc/ID_MM.H(58)
wolfsrc/ID_CA.H(29): Error! E1129: Type does not agree with previous definition of '_seg'
wolfsrc/ID_CA.H(29): Note! I2002: '_seg' defined in: wolfsrc/ID_MM.H(58)
wolfsrc/ID_CA.H(47): Error! E1009: Expecting ',' but found '*'
wolfsrc/ID_CA.H(47): Error! E1034: Symbol '_seg' already defined
wolfsrc/ID_CA.H(47): Note! I2002: '_seg' defined in: wolfsrc/ID_MM.H(58)
wolfsrc/ID_CA.H(47): Error! E1129: Type does not agree with previous definition of '_seg'
wolfsrc/ID_CA.H(47): Note! I2002: '_seg' defined in: wolfsrc/ID_MM.H(58)
wolfsrc/ID_CA.H(48): Error! E1009: Expecting ',' but found '*'
wolfsrc/ID_CA.H(48): Error! E1034: Symbol '_seg' already defined
wolfsrc/ID_CA.H(48): Note! I2002: '_seg' defined in: wolfsrc/ID_MM.H(58)
wolfsrc/ID_VH.H(51): Error! E1009: Expecting ',' but found '*'
wolfsrc/ID_VH.H(51): Error! E1034: Symbol '_seg' already defined
wolfsrc/ID_VH.H(51): Note! I2002: '_seg' defined in: wolfsrc/ID_MM.H(58)
wolfsrc/ID_VH.H(51): Error! E1129: Type does not agree with previous definition of '_seg'
wolfsrc/ID_VH.H(51): Note! I2002: '_seg' defined in: wolfsrc/ID_MM.H(58)
wolfsrc/ID_VH.H(52): Error! E1009: Expecting ',' but found '*'
wolfsrc/ID_VH.H(52): Error! E1034: Symbol '_seg' already defined
wolfsrc/ID_VH.H(52): Note! I2002: '_seg' defined in: wolfsrc/ID_MM.H(58)
wolfsrc/ID_VH.H(53): Error! E1009: Expecting ',' but found '*'
wolfsrc/ID_VH.H(53): Error! E1034: Symbol '_seg' already defined
wolfsrc/ID_VH.H(53): Note! I2002: '_seg' defined in: wolfsrc/ID_MM.H(58)
wolfsrc/ID_VH.H(53): Error! E1129: Type does not agree with previous definition of '_seg'
wolfsrc/ID_VH.H(53): Note! I2002: '_seg' defined in: wolfsrc/ID_MM.H(58)
wolfsrc/ID_IN.H(167): Error! E1009: Expecting ',' but found '*'
wolfsrc/ID_IN.H(167): Error! E1034: Symbol '_seg' already defined
wolfsrc/ID_IN.H(167): Note! I2002: '_seg' defined in: wolfsrc/ID_MM.H(58)
wolfsrc/ID_IN.H(167): Error! E1129: Type does not agree with previous definition of '_seg'
wolfsrc/ID_IN.H(167): Note! I2002: '_seg' defined in: wolfsrc/ID_MM.H(58)
wolfsrc/FOREIGN.H(110): Error! E1061: Expecting data or function declaration, but found ' '
wolfsrc/FOREIGN.H(110): Warning! W138: No newline at end of file
wolfsrc/wl_def.h(159): Error! E1026: Invalid declarator
wolfsrc/wl_def.h(159): Error! E1009: Expecting ';' but found 'enum'
wolfsrc/wl_def.h(1080): Error! E1009: Expecting ',' but found '*'
wolfsrc/wl_def.h(1080): Error! E1034: Symbol '_seg' already defined
wolfsrc/wl_def.h(1080): Note! I2002: '_seg' defined in: wolfsrc/ID_MM.H(58)
wolfsrc/wl_def.h(1080): Error! E1129: Type does not agree with previous definition of '_seg'
wolfsrc/wl_def.h(1080): Note! I2002: '_seg' defined in: wolfsrc/ID_MM.H(58)
wolfsrc/wl_main.c(248): Error! E1011: Symbol '_argc' has not been declared
wolfsrc/wl_main.c(249): Error! E1011: Symbol '_argv' has not been declared
wolfsrc/wl_main.c(249): Error! E1045: Subscript on non-array
wolfsrc/wl_main.c(249): Warning! W100: Parameter 2 contains inconsistent levels of indirection
wolfsrc/wl_main.c(249): Note! I2003: source conversion type is 'char **'
wolfsrc/wl_main.c(249): Note! I2004: target conversion type is 'char *'
wolfsrc/wl_main.c(249): Note! I2002: 'US_CheckParm' defined in: wolfsrc/ID_US.H(118)
wolfsrc/wl_main.c(249): Error! E1151: Parameter count does not agree with previous definition
wolfsrc/wl_main.c(737): Warning! W106: Parameter 1: Constant out of range - truncated
wolfsrc/wl_main.c(737): Note! I2003: source conversion type is 'unsigned int'
wolfsrc/wl_main.c(737): Note! I2004: target conversion type is 'int'
wolfsrc/wl_main.c(769): Warning! W131: No prototype found for function 'peekb'
wolfsrc/wl_main.c(824): Error! E1011: Symbol '_argc' has not been declared
wolfsrc/wl_main.c(826): Error! E1011: Symbol '_argv' has not been declared
wolfsrc/wl_main.c(826): Error! E1045: Subscript on non-array
wolfsrc/wl_main.c(1180): Warning! W131: No prototype found for function 'gotoxy'
wolfsrc/wl_main.c(1264): Warning! W131: No prototype found for function 'geninterrupt'
wolfsrc/wl_main.c(1382): Warning! W131: No prototype found for function 'clrscr'
wolfsrc/wl_main.c(1426): Error! E1011: Symbol '_argc' has not been declared
wolfsrc/wl_main.c(1428): Error! E1011: Symbol '_argv' has not been declared
wolfsrc/wl_main.c(1428): Error! E1045: Subscript on non-array
wolfsrc/wl_main.c(1428): Warning! W100: Parameter 2 contains inconsistent levels of indirection
wolfsrc/wl_main.c(1428): Note! I2003: source conversion type is 'char **'
wolfsrc/wl_main.c(1428): Note! I2004: target conversion type is 'char *'
wolfsrc/wl_main.c(1428): Note! I2002: 'US_CheckParm' defined in: wolfsrc/ID_US.H(118)
wolfsrc/wl_main.c(1428): Error! E1151: Parameter count does not agree with previous definition
wolfsrc/wl_main.c(1481): Warning! W131: No prototype found for function 'PG13'
