src/wolf3d.c(105): Warning! W112: Parameter 2: Pointer truncated
src/wolf3d.c(105): Note! I2003: source conversion type is 'SDMode __far *'
src/wolf3d.c(105): Note! I2004: target conversion type is 'void *'
src/wolf3d.c(106): Warning! W112: Parameter 2: Pointer truncated
src/wolf3d.c(106): Note! I2003: source conversion type is 'SMMode __far *'
src/wolf3d.c(106): Note! I2004: target conversion type is 'void *'
src/wolf3d.c(107): Warning! W112: Parameter 2: Pointer truncated
src/wolf3d.c(107): Note! I2003: source conversion type is 'SDSMode __far *'
src/wolf3d.c(107): Note! I2004: target conversion type is 'void *'
src/wolf3d.c(330): Warning! W112: Parameter 2: Pointer truncated
src/wolf3d.c(330): Note! I2003: source conversion type is 'struct _diskfree_t __far *'
src/wolf3d.c(330): Note! I2004: target conversion type is 'struct _diskfree_t *'
src/wolf3d.c(330): Note! I2002: '_dos_getdiskfree' defined in: /dos/fdos/watcom2/h/DOS.H(178)
src/wolf3d.c(491): Warning! W112: Parameter 2: Pointer truncated
src/wolf3d.c(491): Note! I2003: source conversion type is 'struct objstruct __far *'
src/wolf3d.c(491): Note! I2004: target conversion type is 'void const *'
src/wolf3d.c(1066): Warning! W112: Parameter 1: Pointer truncated
src/wolf3d.c(1066): Note! I2003: source conversion type is 'struct dostime_t __far *'
src/wolf3d.c(1066): Note! I2004: target conversion type is 'struct dostime_t *'
src/wolf3d.c(1066): Note! I2002: '_dos_gettime' defined in: /dos/fdos/watcom2/h/DOS.H(188)
