id_heads.h(20): Error! E1055: Unable to open 'wolfsrc/version.h'
id_heads.h(21): Error! E1055: Unable to open 'wolfsrc/type.h'
id_heads.h(73): Error! E1055: Unable to open 'wolfsrc/id_mm.h'
id_heads.h(74): Error! E1055: Unable to open 'wolfsrc/id_pm.h'
id_heads.h(75): Error! E1055: Unable to open 'wolfsrc/id_ca.h'
id_heads.h(76): Error! E1055: Unable to open 'wolfsrc/id_vl.h'
id_heads.h(77): Error! E1055: Unable to open 'wolfsrc/id_vh.h'
id_heads.h(78): Error! E1055: Unable to open 'wolfsrc/id_in.h'
id_heads.h(79): Error! E1055: Unable to open 'wolfsrc/id_sd.h'
id_heads.h(80): Error! E1055: Unable to open 'wolfsrc/id_us.h'
id_heads.h(101): Error! E1022: Missing or misspelled data type near 'boolean'
id_heads.h(103): Error! E1022: Missing or misspelled data type near 'byte'
id_heads.h(107): Error! E1022: Missing or misspelled data type near 'byte'
id_vh.c(21): Error! E1022: Missing or misspelled data type near 'byte'
id_vh.c(21): Warning! W132: No storage class or type specified
id_vh.c(25): Error! E1022: Missing or misspelled data type near 'PSEG'
id_vh.c(25): Warning! W132: No storage class or type specified
id_vh.c(29): Error! E1022: Missing or misspelled data type near 'byte'
id_vh.c(29): Warning! W132: No storage class or type specified
id_vh.c(42): Error! E1011: Symbol 'fontstruct' has not been declared
id_vh.c(42): Error! E1009: Expecting ';' but found '__far'
id_vh.c(42): Error! E1063: Missing operand
id_vh.c(42): Warning! W111: Meaningless use of an expression
id_vh.c(42): Error! E1009: Expecting ';' but found '__far'
id_vh.c(42): Error! E1147: Too many errors: compilation aborted
