id_vl.h(6): Error! E1055: Unable to open 'src/type.h'
id_us.h(111): Error! E1071: Type of parameter 1 does not agree with previous definition
id_us.h(111): Note! I2003: source conversion type is 'int'
id_us.h(111): Note! I2004: target conversion type is 'char'
id_us.h(111): Note! I2002: 'US_InitRndT' defined in: id_us.h(84)
wl_def.h(1381): Error! E1156: Assembler error: 'Cannot use 386 register with current CPU setting'
wl_def.h(1382): Error! E1156: Assembler error: 'Cannot use 386 register with current CPU setting'
wl_def.h(1382): Error! E1156: Assembler error: 'Cannot use 386 operand size with current CPU setting'
wl_def.h(1383): Error! E1156: Assembler error: 'Cannot use 386 register with current CPU setting'
wl_def.h(1384): Error! E1156: Assembler error: 'Cannot use 386 register with current CPU setting'
wl_def.h(1384): Error! E1156: Assembler error: 'Cannot use 386 register with current CPU setting'
wl_def.h(1384): Error! E1156: Assembler error: 'Invalid instruction with current CPU setting'
wl_def.h(1385): Error! E1185: Invalid register name 'eax' in #pragma
wl_def.h(1385): Error! E1009: Expecting 'end of line' but found '['
wl_def.h(1392): Error! E1185: Invalid register name 'edx' in #pragma
wl_def.h(1392): Error! E1009: Expecting 'end of line' but found '['
wl_def.h(1400): Error! E1185: Invalid register name 'edx' in #pragma
ub.c(2): Error! E1055: Unable to open 'gamepal3.cpp'
ub.c(3): Error! E1055: Unable to open 'id_ca.cpp'
ub.c(4): Error! E1055: Unable to open 'id_in.cpp'
ub.c(5): Error! E1055: Unable to open 'id_pm.cpp'
ub.c(6): Error! E1055: Unable to open 'id_sd.cpp'
ub.c(7): Error! E1055: Unable to open 'id_us_1.cpp'
ub.c(8): Error! E1147: Too many errors: compilation aborted
