wl_main.c(102): Warning! W112: Parameter 2: Pointer truncated
wl_main.c(102): Note! I2003: source conversion type is 'void *__far *'
wl_main.c(102): Note! I2004: target conversion type is 'void *'
wl_main.c(103): Warning! W126: Constant must be zero for pointer compare
wl_main.c(110): Warning! W112: Parameter 2: Pointer truncated
wl_main.c(110): Note! I2003: source conversion type is 'SDMode __far *'
wl_main.c(110): Note! I2004: target conversion type is 'void *'
wl_main.c(111): Warning! W112: Parameter 2: Pointer truncated
wl_main.c(111): Note! I2003: source conversion type is 'SMMode __far *'
wl_main.c(111): Note! I2004: target conversion type is 'void *'
wl_main.c(112): Warning! W112: Parameter 2: Pointer truncated
wl_main.c(112): Note! I2003: source conversion type is 'SDSMode __far *'
wl_main.c(112): Note! I2004: target conversion type is 'void *'
wl_main.c(142): Error! E1011: Symbol 'true' has not been declared
wl_main.c(149): Error! E1011: Symbol 'false' has not been declared
wl_main.c(187): Error! E1011: Symbol 'true' has not been declared
wl_main.c(189): Error! E1011: Symbol 'false' has not been declared
wl_main.c(222): Warning! W112: Parameter 2: Pointer truncated
wl_main.c(222): Note! I2003: source conversion type is 'unsigned short __far *'
wl_main.c(222): Note! I2004: target conversion type is 'void const *'
wl_main.c(272): Error! E1011: Symbol 'true' has not been declared
wl_main.c(318): Warning! W112: Parameter 2: Pointer truncated
wl_main.c(318): Note! I2003: source conversion type is 'struct _diskfree_t __far *'
wl_main.c(318): Note! I2004: target conversion type is 'struct _diskfree_t *'
wl_main.c(318): Note! I2002: '_dos_getdiskfree' defined in: /dos/fdos/watcom2/h/dos.h(178)
wl_main.c(347): Error! E1011: Symbol 'false' has not been declared
wl_main.c(365): Error! E1063: Missing operand
wl_main.c(365): Warning! W111: Meaningless use of an expression
wl_main.c(365): Error! E1009: Expecting ';' but found 'int'
wl_main.c(365): Error! E1063: Missing operand
wl_main.c(365): Error! E1009: Expecting ';' but found 'int'
wl_main.c(365): Error! E1063: Missing operand
wl_main.c(365): Warning! W111: Meaningless use of an expression
wl_main.c(365): Error! E1009: Expecting ')' but found 'int'
wl_main.c(365): Error! E1011: Symbol 'i' has not been declared
wl_main.c(365): Warning! W111: Meaningless use of an expression
wl_main.c(365): Error! E1009: Expecting ';' but found ')'
wl_main.c(365): Error! E1063: Missing operand
wl_main.c(365): Warning! W111: Meaningless use of an expression
wl_main.c(365): Error! E1009: Expecting ';' but found ')'
wl_main.c(365): Error! E1063: Missing operand
wl_main.c(365): Warning! W111: Meaningless use of an expression
wl_main.c(365): Error! E1009: Expecting ';' but found ')'
wl_main.c(365): Error! E1063: Missing operand
wl_main.c(365): Warning! W111: Meaningless use of an expression
wl_main.c(365): Error! E1009: Expecting ';' but found ')'
wl_main.c(365): Error! E1063: Missing operand
wl_main.c(365): Warning! W111: Meaningless use of an expression
wl_main.c(365): Error! E1009: Expecting ';' but found ')'
wl_main.c(365): Error! E1063: Missing operand
wl_main.c(365): Warning! W111: Meaningless use of an expression
wl_main.c(365): Error! E1009: Expecting ';' but found ')'
wl_main.c(365): Error! E1063: Missing operand
wl_main.c(365): Warning! W111: Meaningless use of an expression
wl_main.c(365): Error! E1009: Expecting ';' but found ')'
wl_main.c(365): Error! E1063: Missing operand
wl_main.c(365): Warning! W111: Meaningless use of an expression
wl_main.c(365): Error! E1009: Expecting ';' but found ')'
wl_main.c(365): Error! E1063: Missing operand
wl_main.c(365): Warning! W111: Meaningless use of an expression
wl_main.c(365): Error! E1009: Expecting ';' but found ')'
wl_main.c(365): Error! E1063: Missing operand
wl_main.c(365): Warning! W111: Meaningless use of an expression
wl_main.c(365): Error! E1009: Expecting ';' but found ')'
wl_main.c(365): Error! E1063: Missing operand
wl_main.c(365): Warning! W111: Meaningless use of an expression
wl_main.c(365): Error! E1009: Expecting ';' but found ')'
wl_main.c(365): Error! E1063: Missing operand
wl_main.c(365): Warning! W111: Meaningless use of an expression
wl_main.c(365): Error! E1009: Expecting ';' but found ')'
wl_main.c(365): Error! E1063: Missing operand
wl_main.c(365): Warning! W111: Meaningless use of an expression
wl_main.c(365): Error! E1009: Expecting ';' but found ')'
wl_main.c(365): Error! E1063: Missing operand
wl_main.c(365): Warning! W111: Meaningless use of an expression
wl_main.c(365): Error! E1009: Expecting ';' but found ')'
wl_main.c(365): Error! E1063: Missing operand
wl_main.c(365): Warning! W111: Meaningless use of an expression
wl_main.c(365): Error! E1009: Expecting ';' but found ')'
wl_main.c(365): Error! E1063: Missing operand
wl_main.c(365): Warning! W111: Meaningless use of an expression
wl_main.c(365): Error! E1009: Expecting ';' but found ')'
wl_main.c(365): Error! E1063: Missing operand
wl_main.c(365): Warning! W111: Meaningless use of an expression
wl_main.c(365): Error! E1009: Expecting ';' but found ')'
wl_main.c(365): Error! E1063: Missing operand
wl_main.c(365): Warning! W111: Meaningless use of an expression
wl_main.c(365): Error! E1009: Expecting ';' but found ')'
wl_main.c(365): Error! E1063: Missing operand
wl_main.c(365): Warning! W111: Meaningless use of an expression
wl_main.c(365): Error! E1009: Expecting ';' but found ')'
wl_main.c(365): Error! E1063: Missing operand
wl_main.c(365): Warning! W111: Meaningless use of an expression
wl_main.c(365): Error! E1009: Expecting ';' but found ')'
wl_main.c(365): Error! E1063: Missing operand
wl_main.c(365): Warning! W111: Meaningless use of an expression
wl_main.c(365): Error! E1009: Expecting ';' but found ')'
wl_main.c(365): Error! E1063: Missing operand
wl_main.c(365): Warning! W111: Meaningless use of an expression
wl_main.c(365): Error! E1009: Expecting ';' but found ')'
wl_main.c(365): Error! E1063: Missing operand
wl_main.c(365): Warning! W111: Meaningless use of an expression
wl_main.c(365): Error! E1009: Expecting ';' but found ')'
wl_main.c(365): Error! E1063: Missing operand
wl_main.c(365): Warning! W111: Meaningless use of an expression
wl_main.c(365): Error! E1009: Expecting ';' but found ')'
wl_main.c(365): Error! E1063: Missing operand
wl_main.c(365): Warning! W111: Meaningless use of an expression
wl_main.c(365): Error! E1009: Expecting ';' but found ')'
wl_main.c(365): Error! E1063: Missing operand
wl_main.c(365): Warning! W111: Meaningless use of an expression
wl_main.c(365): Error! E1009: Expecting ';' but found ')'
wl_main.c(365): Error! E1147: Too many errors: compilation aborted
