wolfdx.c(145): Error! E1011: Symbol 'true' has not been declared
wolfdx.c(152): Error! E1011: Symbol 'false' has not been declared
wolfdx.c(190): Error! E1011: Symbol 'true' has not been declared
wolfdx.c(192): Error! E1011: Symbol 'false' has not been declared
wolfdx.c(275): Error! E1011: Symbol 'true' has not been declared
wolfdx.c(350): Error! E1011: Symbol 'false' has not been declared
wolfdx.c(368): Error! E1063: Missing operand
wolfdx.c(368): Warning! W111: Meaningless use of an expression
wolfdx.c(368): Error! E1009: Expecting ';' but found 'int'
wolfdx.c(368): Error! E1063: Missing operand
wolfdx.c(368): Error! E1009: Expecting ';' but found 'int'
wolfdx.c(368): Error! E1063: Missing operand
wolfdx.c(368): Warning! W111: Meaningless use of an expression
wolfdx.c(368): Error! E1009: Expecting ')' but found 'int'
wolfdx.c(368): Error! E1011: Symbol 'i' has not been declared
wolfdx.c(368): Warning! W111: Meaningless use of an expression
wolfdx.c(368): Error! E1009: Expecting ';' but found ')'
wolfdx.c(368): Error! E1063: Missing operand
wolfdx.c(368): Warning! W111: Meaningless use of an expression
wolfdx.c(368): Error! E1009: Expecting ';' but found ')'
wolfdx.c(368): Error! E1063: Missing operand
wolfdx.c(368): Warning! W111: Meaningless use of an expression
wolfdx.c(368): Error! E1009: Expecting ';' but found ')'
wolfdx.c(368): Error! E1063: Missing operand
wolfdx.c(368): Warning! W111: Meaningless use of an expression
wolfdx.c(368): Error! E1009: Expecting ';' but found ')'
wolfdx.c(368): Error! E1147: Too many errors: compilation aborted
